::1 - - [10/Aug/2022:14:56:54 +0200] "GET /mainpage/ HTTP/1.1" 200 1316
::1 - - [10/Aug/2022:14:56:54 +0200] "GET /mainpage/mainpage.css HTTP/1.1" 304 -
::1 - - [10/Aug/2022:14:56:54 +0200] "GET /favicon.ico HTTP/1.1" 404 196
::1 - - [10/Aug/2022:14:56:58 +0200] "POST /mainpage/deletescript.php HTTP/1.1" 200 194
::1 - - [10/Aug/2022:14:56:58 +0200] "GET /mainpage/index.php HTTP/1.1" 200 1316
::1 - - [10/Aug/2022:14:57:00 +0200] "GET /addpage/addpage.php HTTP/1.1" 200 2451
::1 - - [10/Aug/2022:14:57:00 +0200] "GET /addpage/addpage.css HTTP/1.1" 304 -
::1 - - [10/Aug/2022:14:57:00 +0200] "GET /addpage/onchange.js HTTP/1.1" 304 -
::1 - - [10/Aug/2022:14:57:35 +0200] "GET /mainpage/index.php HTTP/1.1" 200 1316
::1 - - [10/Aug/2022:14:57:38 +0200] "GET /addpage/addpage.php HTTP/1.1" 200 2451
::1 - - [10/Aug/2022:14:57:40 +0200] "GET /mainpage/index.php HTTP/1.1" 200 1316
::1 - - [10/Aug/2022:14:57:42 +0200] "GET /addpage/addpage.php HTTP/1.1" 200 2451
::1 - - [10/Aug/2022:14:57:56 +0200] "POST /addpage/addscript.php HTTP/1.1" 200 499
::1 - - [10/Aug/2022:14:57:57 +0200] "GET /mainpage/index.php HTTP/1.1" 200 576
::1 - - [10/Aug/2022:14:58:28 +0200] "GET /mainpage/index.php HTTP/1.1" 200 576
::1 - - [10/Aug/2022:14:59:41 +0200] "GET / HTTP/1.1" 200 415
::1 - - [10/Aug/2022:14:59:42 +0200] "GET /favicon.ico HTTP/1.1" 404 196
::1 - - [10/Aug/2022:14:59:43 +0200] "GET /mainpage/ HTTP/1.1" 200 1316
::1 - - [10/Aug/2022:14:59:45 +0200] "GET /addpage/addpage.php HTTP/1.1" 200 2451
::1 - - [10/Aug/2022:15:00:00 +0200] "POST /addpage/addscript.php HTTP/1.1" 200 186
::1 - - [10/Aug/2022:15:00:01 +0200] "GET /mainpage/index.php HTTP/1.1" 200 1121
::1 - - [10/Aug/2022:15:01:01 +0200] "-" 408 -
::1 - - [10/Aug/2022:15:03:20 +0200] "GET /mainpage/index.php HTTP/1.1" 200 945
::1 - - [10/Aug/2022:15:03:21 +0200] "GET /mainpage/index.php HTTP/1.1" 200 945
::1 - - [10/Aug/2022:15:03:38 +0200] "GET /mainpage/index.php HTTP/1.1" 200 1688
::1 - - [10/Aug/2022:15:03:52 +0200] "GET /mainpage/index.php HTTP/1.1" 200 1688
::1 - - [10/Aug/2022:15:04:09 +0200] "POST /mainpage/deletescript.php HTTP/1.1" 200 194
::1 - - [10/Aug/2022:15:04:09 +0200] "GET /mainpage/index.php HTTP/1.1" 200 1321
::1 - - [10/Aug/2022:15:04:15 +0200] "POST /mainpage/deletescript.php HTTP/1.1" 200 194
::1 - - [10/Aug/2022:15:04:15 +0200] "GET /mainpage/index.php HTTP/1.1" 200 963
::1 - - [10/Aug/2022:15:04:37 +0200] "GET /addpage/addpage.php HTTP/1.1" 200 2446
::1 - - [10/Aug/2022:15:04:43 +0200] "POST /addpage/addscript.php HTTP/1.1" 200 186
::1 - - [10/Aug/2022:15:04:43 +0200] "GET /mainpage/index.php HTTP/1.1" 200 1323
::1 - - [10/Aug/2022:15:04:44 +0200] "GET /addpage/addpage.php HTTP/1.1" 200 2452
::1 - - [10/Aug/2022:15:04:48 +0200] "POST /addpage/addscript.php HTTP/1.1" 200 186
::1 - - [10/Aug/2022:15:04:48 +0200] "GET /mainpage/index.php HTTP/1.1" 200 1680
::1 - - [10/Aug/2022:15:04:49 +0200] "GET /addpage/addpage.php HTTP/1.1" 200 2460
::1 - - [10/Aug/2022:15:04:53 +0200] "POST /addpage/addscript.php HTTP/1.1" 200 186
::1 - - [10/Aug/2022:15:04:53 +0200] "GET /mainpage/index.php HTTP/1.1" 200 2042
::1 - - [10/Aug/2022:15:05:06 +0200] "POST /mainpage/deletescript.php HTTP/1.1" 200 194
::1 - - [10/Aug/2022:15:05:06 +0200] "GET /mainpage/index.php HTTP/1.1" 200 1670
::1 - - [10/Aug/2022:15:06:06 +0200] "-" 408 -
::1 - - [10/Aug/2022:15:06:38 +0200] "-" 408 -
::1 - - [10/Aug/2022:15:07:04 +0200] "GET /mainpage/index.php HTTP/1.1" 200 1680
::1 - - [10/Aug/2022:15:07:06 +0200] "GET /mainpage/index.php HTTP/1.1" 200 1680
::1 - - [10/Aug/2022:15:08:04 +0200] "-" 408 -
::1 - - [10/Aug/2022:15:10:05 +0200] "GET /mainpage/index.php HTTP/1.1" 200 1650
::1 - - [10/Aug/2022:15:10:20 +0200] "GET /mainpage/index.php HTTP/1.1" 200 1650
::1 - - [10/Aug/2022:15:10:21 +0200] "GET /mainpage/index.php HTTP/1.1" 200 1650
::1 - - [10/Aug/2022:15:10:42 +0200] "GET /mainpage/index.php HTTP/1.1" 200 1647
::1 - - [10/Aug/2022:15:11:31 +0200] "GET /mainpage/index.php HTTP/1.1" 200 1650
::1 - - [10/Aug/2022:15:11:44 +0200] "GET /mainpage/index.php HTTP/1.1" 200 1647
::1 - - [10/Aug/2022:15:12:11 +0200] "GET /addpage/addpage.php HTTP/1.1" 200 2460
::1 - - [10/Aug/2022:15:12:23 +0200] "POST /addpage/addscript.php HTTP/1.1" 200 186
::1 - - [10/Aug/2022:15:12:23 +0200] "GET /mainpage/index.php HTTP/1.1" 200 2006
::1 - - [10/Aug/2022:15:13:04 +0200] "GET /mainpage/index.php HTTP/1.1" 200 2006
::1 - - [10/Aug/2022:15:14:04 +0200] "-" 408 -
::1 - - [10/Aug/2022:15:15:32 +0200] "GET /mainpage/index.php HTTP/1.1" 200 2011
::1 - - [10/Aug/2022:15:16:32 +0200] "-" 408 -
::1 - - [10/Aug/2022:15:17:34 +0200] "GET /mainpage/index.php HTTP/1.1" 200 2009
::1 - - [10/Aug/2022:15:18:34 +0200] "-" 408 -
::1 - - [10/Aug/2022:15:21:26 +0200] "GET /mainpage/index.php HTTP/1.1" 200 2000
::1 - - [10/Aug/2022:15:21:39 +0200] "GET /mainpage/index.php HTTP/1.1" 200 1993
::1 - - [10/Aug/2022:15:22:19 +0200] "GET /mainpage/index.php HTTP/1.1" 200 1993
::1 - - [10/Aug/2022:15:22:24 +0200] "POST /mainpage/deletescript.php HTTP/1.1" 200 194
::1 - - [10/Aug/2022:15:22:24 +0200] "GET /mainpage/index.php HTTP/1.1" 200 1641
::1 - - [10/Aug/2022:15:22:26 +0200] "GET /addpage/addpage.php HTTP/1.1" 200 2463
::1 - - [10/Aug/2022:15:22:27 +0200] "GET /mainpage/index.php HTTP/1.1" 200 1641
::1 - - [10/Aug/2022:15:22:30 +0200] "POST /mainpage/deletescript.php HTTP/1.1" 200 194
::1 - - [10/Aug/2022:15:22:30 +0200] "GET /mainpage/index.php HTTP/1.1" 200 591
::1 - - [10/Aug/2022:15:22:31 +0200] "GET /addpage/addpage.php HTTP/1.1" 200 2439
::1 - - [10/Aug/2022:15:23:24 +0200] "-" 408 -
::1 - - [10/Aug/2022:15:23:43 +0200] "POST /addpage/addscript.php HTTP/1.1" 200 186
::1 - - [10/Aug/2022:15:23:43 +0200] "GET /mainpage/index.php HTTP/1.1" 200 941
::1 - - [10/Aug/2022:15:24:43 +0200] "-" 408 -
::1 - - [10/Aug/2022:15:25:54 +0200] "GET /mainpage/index.php HTTP/1.1" 200 941
::1 - - [10/Aug/2022:15:25:55 +0200] "GET /addpage/addpage.php HTTP/1.1" 200 2445
::1 - - [10/Aug/2022:15:26:14 +0200] "POST /addpage/addscript.php HTTP/1.1" 200 186
::1 - - [10/Aug/2022:15:26:14 +0200] "GET /mainpage/index.php HTTP/1.1" 200 1314
::1 - - [10/Aug/2022:15:27:08 +0200] "GET /mainpage/index.php HTTP/1.1" 200 1314
::1 - - [10/Aug/2022:15:27:08 +0200] "GET /mainpage/index.php HTTP/1.1" 200 1314
::1 - - [10/Aug/2022:15:27:13 +0200] "GET /addpage/addpage.php HTTP/1.1" 200 2453
::1 - - [10/Aug/2022:15:27:21 +0200] "POST /addpage/addscript.php HTTP/1.1" 200 520
::1 - - [10/Aug/2022:15:27:21 +0200] "GET /mainpage/index.php HTTP/1.1" 200 2550
::1 - - [10/Aug/2022:15:27:41 +0200] "GET /mainpage/index.php HTTP/1.1" 200 2550
::1 - - [10/Aug/2022:15:28:12 +0200] "GET /mainpage/index.php HTTP/1.1" 200 1314
::1 - - [10/Aug/2022:15:28:13 +0200] "GET /addpage/addpage.php HTTP/1.1" 200 2453
::1 - - [10/Aug/2022:15:28:31 +0200] "POST /addpage/addscript.php HTTP/1.1" 200 186
::1 - - [10/Aug/2022:15:28:31 +0200] "GET /mainpage/index.php HTTP/1.1" 200 1693
::1 - - [10/Aug/2022:15:28:35 +0200] "GET /addpage/addpage.php HTTP/1.1" 200 2464
::1 - - [10/Aug/2022:15:28:51 +0200] "POST /addpage/addscript.php HTTP/1.1" 200 186
::1 - - [10/Aug/2022:15:28:51 +0200] "GET /mainpage/index.php HTTP/1.1" 200 2072
::1 - - [10/Aug/2022:15:28:59 +0200] "GET /mainpage/index.php HTTP/1.1" 200 2072
::1 - - [10/Aug/2022:15:29:00 +0200] "GET /mainpage/index.php HTTP/1.1" 200 2072
::1 - - [10/Aug/2022:15:29:59 +0200] "-" 408 -
::1 - - [10/Aug/2022:15:30:36 +0200] "GET /mainpage/index.php HTTP/1.1" 200 2072
::1 - - [10/Aug/2022:15:31:28 +0200] "GET /mainpage/index.php HTTP/1.1" 200 2105
::1 - - [10/Aug/2022:15:32:21 +0200] "GET /mainpage/index.php HTTP/1.1" 200 2147
::1 - - [10/Aug/2022:15:32:22 +0200] "GET /mainpage/index.php HTTP/1.1" 200 2147
::1 - - [10/Aug/2022:15:33:21 +0200] "-" 408 -
::1 - - [10/Aug/2022:15:34:50 +0200] "GET /mainpage/index.php HTTP/1.1" 200 2147
::1 - - [10/Aug/2022:15:34:50 +0200] "GET /mainpage/index.php HTTP/1.1" 200 2147
::1 - - [10/Aug/2022:15:34:51 +0200] "GET /mainpage/index.php HTTP/1.1" 200 2147
::1 - - [10/Aug/2022:15:34:51 +0200] "GET /mainpage/index.php HTTP/1.1" 200 2147
::1 - - [10/Aug/2022:15:35:11 +0200] "GET /mainpage/index.php HTTP/1.1" 200 2156
::1 - - [10/Aug/2022:15:35:35 +0200] "GET /mainpage/index.php HTTP/1.1" 200 2072
::1 - - [10/Aug/2022:15:35:36 +0200] "GET /mainpage/index.php HTTP/1.1" 200 2072
::1 - - [10/Aug/2022:15:35:39 +0200] "GET /mainpage/index.php HTTP/1.1" 200 2072
::1 - - [10/Aug/2022:15:35:49 +0200] "GET /mainpage/index.php HTTP/1.1" 200 2072
::1 - - [10/Aug/2022:15:35:50 +0200] "GET /mainpage/index.php HTTP/1.1" 200 2072
::1 - - [10/Aug/2022:15:35:55 +0200] "GET /mainpage/index.php HTTP/1.1" 200 2072
::1 - - [10/Aug/2022:15:35:55 +0200] "GET /mainpage/mainpage.css HTTP/1.1" 200 437
::1 - - [10/Aug/2022:15:35:55 +0200] "GET /favicon.ico HTTP/1.1" 404 196
::1 - - [10/Aug/2022:15:35:59 +0200] "GET /mainpage/index.php HTTP/1.1" 200 2072
::1 - - [10/Aug/2022:15:35:59 +0200] "GET /mainpage/mainpage.css HTTP/1.1" 200 436
::1 - - [10/Aug/2022:15:35:59 +0200] "GET /favicon.ico HTTP/1.1" 404 196
::1 - - [10/Aug/2022:15:36:07 +0200] "GET /mainpage/index.php HTTP/1.1" 200 2072
::1 - - [10/Aug/2022:15:36:07 +0200] "GET /mainpage/mainpage.css HTTP/1.1" 304 -
::1 - - [10/Aug/2022:15:36:24 +0200] "GET /mainpage/index.php HTTP/1.1" 200 2072
::1 - - [10/Aug/2022:15:36:24 +0200] "GET /mainpage/mainpage.css HTTP/1.1" 200 434
::1 - - [10/Aug/2022:15:37:08 +0200] "GET /mainpage/index.php HTTP/1.1" 200 2072
::1 - - [10/Aug/2022:15:37:08 +0200] "GET /mainpage/mainpage.css HTTP/1.1" 200 464
::1 - - [10/Aug/2022:15:37:26 +0200] "GET /mainpage/index.php HTTP/1.1" 200 2093
::1 - - [10/Aug/2022:15:37:26 +0200] "GET /mainpage/mainpage.css HTTP/1.1" 304 -
::1 - - [10/Aug/2022:15:37:39 +0200] "GET /mainpage/index.php HTTP/1.1" 200 2093
::1 - - [10/Aug/2022:15:37:39 +0200] "GET /mainpage/mainpage.css HTTP/1.1" 200 465
::1 - - [10/Aug/2022:15:37:55 +0200] "GET /mainpage/index.php HTTP/1.1" 200 2093
::1 - - [10/Aug/2022:15:37:55 +0200] "GET /mainpage/mainpage.css HTTP/1.1" 200 448
::1 - - [10/Aug/2022:15:37:55 +0200] "GET /mainpage/index.php HTTP/1.1" 200 2093
::1 - - [10/Aug/2022:15:37:55 +0200] "GET /mainpage/mainpage.css HTTP/1.1" 304 -
::1 - - [10/Aug/2022:15:37:57 +0200] "GET /mainpage/index.php HTTP/1.1" 200 2093
::1 - - [10/Aug/2022:15:37:57 +0200] "GET /mainpage/mainpage.css HTTP/1.1" 200 448
::1 - - [10/Aug/2022:15:37:57 +0200] "GET /favicon.ico HTTP/1.1" 404 196
::1 - - [10/Aug/2022:15:38:03 +0200] "GET /addpage/addpage.php HTTP/1.1" 200 2470
::1 - - [10/Aug/2022:15:38:16 +0200] "POST /addpage/addscript.php HTTP/1.1" 200 520
::1 - - [10/Aug/2022:15:38:16 +0200] "GET /mainpage/index.php HTTP/1.1" 200 3026
::1 - - [10/Aug/2022:15:38:16 +0200] "GET /mainpage/mainpage.css HTTP/1.1" 304 -
::1 - - [10/Aug/2022:15:38:20 +0200] "GET /mainpage/index.php HTTP/1.1" 200 3026
::1 - - [10/Aug/2022:15:38:20 +0200] "GET /mainpage/mainpage.css HTTP/1.1" 304 -
::1 - - [10/Aug/2022:15:38:34 +0200] "GET /mainpage/index.php HTTP/1.1" 200 2093
::1 - - [10/Aug/2022:15:38:34 +0200] "GET /mainpage/mainpage.css HTTP/1.1" 304 -
::1 - - [10/Aug/2022:15:38:38 +0200] "GET /mainpage/index.php HTTP/1.1" 200 2093
::1 - - [10/Aug/2022:15:38:38 +0200] "GET /mainpage/mainpage.css HTTP/1.1" 200 465
::1 - - [10/Aug/2022:15:38:39 +0200] "GET /mainpage/index.php HTTP/1.1" 200 2093
::1 - - [10/Aug/2022:15:38:39 +0200] "GET /mainpage/mainpage.css HTTP/1.1" 200 465
::1 - - [10/Aug/2022:15:38:39 +0200] "GET /favicon.ico HTTP/1.1" 404 196
::1 - - [10/Aug/2022:15:38:40 +0200] "GET /addpage/addpage.php HTTP/1.1" 200 2470
::1 - - [10/Aug/2022:15:38:49 +0200] "POST /addpage/addscript.php HTTP/1.1" 200 516
::1 - - [10/Aug/2022:15:38:49 +0200] "GET /mainpage/index.php HTTP/1.1" 200 3024
::1 - - [10/Aug/2022:15:38:49 +0200] "GET /mainpage/mainpage.css HTTP/1.1" 304 -
::1 - - [10/Aug/2022:15:39:49 +0200] "-" 408 -
::1 - - [10/Aug/2022:15:41:03 +0200] "GET /mainpage/index.php HTTP/1.1" 200 2093
::1 - - [10/Aug/2022:15:41:03 +0200] "GET /mainpage/mainpage.css HTTP/1.1" 304 -
::1 - - [10/Aug/2022:15:41:17 +0200] "GET /addpage/addpage.php HTTP/1.1" 200 2494
::1 - - [10/Aug/2022:15:41:54 +0200] "POST /addpage/addscript.php HTTP/1.1" 200 186
::1 - - [10/Aug/2022:15:41:54 +0200] "GET /mainpage/index.php HTTP/1.1" 200 2495
::1 - - [10/Aug/2022:15:41:54 +0200] "GET /mainpage/mainpage.css HTTP/1.1" 304 -
::1 - - [10/Aug/2022:15:41:59 +0200] "GET /addpage/addpage.php HTTP/1.1" 200 2517
::1 - - [10/Aug/2022:15:42:16 +0200] "POST /addpage/addscript.php HTTP/1.1" 200 186
::1 - - [10/Aug/2022:15:42:16 +0200] "GET /mainpage/index.php HTTP/1.1" 200 2947
::1 - - [10/Aug/2022:15:42:16 +0200] "GET /mainpage/mainpage.css HTTP/1.1" 304 -
::1 - - [10/Aug/2022:15:42:26 +0200] "GET /mainpage/index.php HTTP/1.1" 200 2947
::1 - - [10/Aug/2022:15:42:29 +0200] "GET /mainpage/index.php HTTP/1.1" 200 2947
::1 - - [10/Aug/2022:15:42:29 +0200] "GET /mainpage/mainpage.css HTTP/1.1" 200 463
::1 - - [10/Aug/2022:15:42:29 +0200] "GET /favicon.ico HTTP/1.1" 404 196
::1 - - [10/Aug/2022:15:42:43 +0200] "GET /addpage/addpage.php HTTP/1.1" 200 2547
::1 - - [10/Aug/2022:15:42:50 +0200] "POST /addpage/addscript.php HTTP/1.1" 200 516
::1 - - [10/Aug/2022:15:42:50 +0200] "GET /mainpage/index.php HTTP/1.1" 200 3878
::1 - - [10/Aug/2022:15:42:50 +0200] "GET /mainpage/mainpage.css HTTP/1.1" 304 -
::1 - - [10/Aug/2022:15:43:50 +0200] "-" 408 -
::1 - - [10/Aug/2022:15:44:02 +0200] "GET /mainpage/index.php HTTP/1.1" 200 3878
::1 - - [10/Aug/2022:15:44:02 +0200] "GET /mainpage/mainpage.css HTTP/1.1" 304 -
::1 - - [10/Aug/2022:15:44:05 +0200] "GET /addpage/addpage.php HTTP/1.1" 200 2547
::1 - - [10/Aug/2022:15:44:07 +0200] "GET /addpage/addpage.php HTTP/1.1" 200 2547
::1 - - [10/Aug/2022:15:44:07 +0200] "GET /addpage/addpage.css HTTP/1.1" 200 197
::1 - - [10/Aug/2022:15:44:07 +0200] "GET /addpage/onchange.js HTTP/1.1" 200 1051
::1 - - [10/Aug/2022:15:44:07 +0200] "GET /favicon.ico HTTP/1.1" 404 196
::1 - - [10/Aug/2022:15:44:20 +0200] "POST /addpage/addscript.php HTTP/1.1" 200 516
::1 - - [10/Aug/2022:15:44:20 +0200] "GET /mainpage/index.php HTTP/1.1" 200 4809
::1 - - [10/Aug/2022:15:44:20 +0200] "GET /mainpage/mainpage.css HTTP/1.1" 304 -
::1 - - [10/Aug/2022:15:44:49 +0200] "GET /mainpage/index.php HTTP/1.1" 200 2947
::1 - - [10/Aug/2022:15:44:49 +0200] "GET /mainpage/mainpage.css HTTP/1.1" 304 -
::1 - - [10/Aug/2022:15:44:53 +0200] "GET /addpage/addpage.php HTTP/1.1" 200 2547
::1 - - [10/Aug/2022:15:45:32 +0200] "GET /addpage/addpage.php HTTP/1.1" 200 2565
::1 - - [10/Aug/2022:15:45:39 +0200] "POST /addpage/addscript.php HTTP/1.1" 200 516
::1 - - [10/Aug/2022:15:45:39 +0200] "GET /mainpage/index.php HTTP/1.1" 200 3878
::1 - - [10/Aug/2022:15:45:39 +0200] "GET /mainpage/mainpage.css HTTP/1.1" 304 -
::1 - - [10/Aug/2022:15:45:49 +0200] "GET /mainpage/index.php HTTP/1.1" 200 2947
::1 - - [10/Aug/2022:15:46:49 +0200] "-" 408 -
::1 - - [10/Aug/2022:15:47:40 +0200] "GET /test.php HTTP/1.1" 200 157
::1 - - [10/Aug/2022:15:47:52 +0200] "GET /test.php HTTP/1.1" 200 157
::1 - - [10/Aug/2022:15:47:53 +0200] "GET /test.php? HTTP/1.1" 200 157
::1 - - [10/Aug/2022:15:48:52 +0200] "GET /test.php? HTTP/1.1" 200 226
::1 - - [10/Aug/2022:15:48:57 +0200] "GET /test.php?MB=555555555555555555 HTTP/1.1" 200 226
::1 - - [10/Aug/2022:15:49:52 +0200] "-" 408 -
::1 - - [10/Aug/2022:15:50:32 +0200] "GET /test.php?MB=555555555555555555 HTTP/1.1" 200 219
::1 - - [10/Aug/2022:15:50:34 +0200] "GET /test.php HTTP/1.1" 200 219
::1 - - [10/Aug/2022:15:50:39 +0200] "GET /test.php?MB=45555555555555555555555555555 HTTP/1.1" 200 219
::1 - - [10/Aug/2022:15:51:39 +0200] "-" 408 -
::1 - - [10/Aug/2022:15:51:53 +0200] "GET /test.php HTTP/1.1" 200 227
::1 - - [10/Aug/2022:15:52:30 +0200] "GET / HTTP/1.1" 200 457
::1 - - [10/Aug/2022:15:52:31 +0200] "GET /mainpage/ HTTP/1.1" 200 2947
::1 - - [10/Aug/2022:15:52:31 +0200] "GET /mainpage/mainpage.css HTTP/1.1" 304 -
::1 - - [10/Aug/2022:15:53:30 +0200] "-" 408 -
::1 - - [10/Aug/2022:16:51:23 +0200] "GET /mainpage/ HTTP/1.1" 200 2947
::1 - - [10/Aug/2022:16:51:23 +0200] "GET /mainpage/mainpage.css HTTP/1.1" 304 -
::1 - - [10/Aug/2022:16:51:59 +0200] "POST /mainpage/deletescript.php HTTP/1.1" 200 194
::1 - - [10/Aug/2022:16:51:59 +0200] "GET /mainpage/index.php HTTP/1.1" 200 1707
::1 - - [10/Aug/2022:16:52:02 +0200] "GET /addpage/addpage.php HTTP/1.1" 200 2506
::1 - - [10/Aug/2022:16:52:09 +0200] "GET /mainpage/index.php HTTP/1.1" 200 1707
::1 - - [10/Aug/2022:16:52:14 +0200] "GET /addpage/addpage.php HTTP/1.1" 200 2506
::1 - - [10/Aug/2022:16:52:20 +0200] "GET /mainpage/index.php HTTP/1.1" 200 1707
::1 - - [10/Aug/2022:16:52:21 +0200] "GET /addpage/addpage.php HTTP/1.1" 200 2506
::1 - - [10/Aug/2022:16:52:22 +0200] "GET /mainpage/index.php HTTP/1.1" 200 1707
::1 - - [10/Aug/2022:16:53:20 +0200] "-" 408 -
::1 - - [10/Aug/2022:17:24:45 +0200] "GET /mainpage/index.php HTTP/1.1" 200 1707
::1 - - [10/Aug/2022:17:24:45 +0200] "GET /mainpage/mainpage.css HTTP/1.1" 304 -
::1 - - [10/Aug/2022:17:24:46 +0200] "GET /addpage/addpage.php HTTP/1.1" 200 2506
::1 - - [10/Aug/2022:17:24:47 +0200] "GET /mainpage/index.php HTTP/1.1" 200 1707
::1 - - [10/Aug/2022:17:25:45 +0200] "-" 408 -
::1 - - [10/Aug/2022:17:49:10 +0200] "GET /mainpage/index.php HTTP/1.1" 200 1707
::1 - - [10/Aug/2022:17:49:10 +0200] "GET /mainpage/mainpage.css HTTP/1.1" 304 -
::1 - - [10/Aug/2022:17:49:11 +0200] "GET /addpage/addpage.php HTTP/1.1" 200 2506
::1 - - [10/Aug/2022:17:49:12 +0200] "GET /mainpage/index.php HTTP/1.1" 200 1707
::1 - - [10/Aug/2022:17:49:13 +0200] "POST /mainpage/deletescript.php HTTP/1.1" 200 194
::1 - - [10/Aug/2022:17:49:13 +0200] "GET /mainpage/index.php HTTP/1.1" 200 1707
::1 - - [10/Aug/2022:17:49:14 +0200] "GET /addpage/addpage.php HTTP/1.1" 200 2506
::1 - - [10/Aug/2022:17:49:15 +0200] "GET /mainpage/index.php HTTP/1.1" 200 1707
::1 - - [10/Aug/2022:17:50:10 +0200] "-" 408 -
::1 - - [11/Aug/2022:00:53:31 +0200] "GET / HTTP/1.1" 200 457
::1 - - [11/Aug/2022:00:53:32 +0200] "GET /favicon.ico HTTP/1.1" 404 196
::1 - - [11/Aug/2022:00:53:34 +0200] "GET /mainpage/ HTTP/1.1" 200 1707
::1 - - [11/Aug/2022:00:53:34 +0200] "GET /mainpage/mainpage.css HTTP/1.1" 304 -
::1 - - [11/Aug/2022:00:54:31 +0200] "-" 408 -
::1 - - [11/Aug/2022:12:37:01 +0200] "GET / HTTP/1.1" 200 457
::1 - - [11/Aug/2022:12:37:03 +0200] "GET /mainpage/ HTTP/1.1" 200 546
::1 - - [11/Aug/2022:12:37:04 +0200] "GET /mainpage/mainpage.css HTTP/1.1" 304 -
::1 - - [11/Aug/2022:12:37:36 +0200] "GET /mainpage/ HTTP/1.1" 200 487
::1 - - [11/Aug/2022:12:38:20 +0200] "GET /mainpage/ HTTP/1.1" 200 390
::1 - - [11/Aug/2022:12:38:33 +0200] "GET /mainpage/ HTTP/1.1" 200 1707
::1 - - [11/Aug/2022:12:39:33 +0200] "-" 408 -
::1 - - [11/Aug/2022:13:49:08 +0200] "GET / HTTP/1.1" 200 457
::1 - - [11/Aug/2022:13:49:08 +0200] "GET /favicon.ico HTTP/1.1" 404 196
::1 - - [11/Aug/2022:13:49:11 +0200] "GET /mainpage/ HTTP/1.1" 200 588
::1 - - [11/Aug/2022:13:49:49 +0200] "GET /mainpage/ HTTP/1.1" 200 546
::1 - - [11/Aug/2022:13:49:50 +0200] "GET /mainpage/ HTTP/1.1" 200 546
::1 - - [11/Aug/2022:13:50:24 +0200] "GET /mainpage/ HTTP/1.1" 200 1737
::1 - - [11/Aug/2022:13:50:31 +0200] "GET /addpage/addpage.php HTTP/1.1" 200 593
::1 - - [11/Aug/2022:13:50:31 +0200] "GET /addpage/addpage.css HTTP/1.1" 200 350
::1 - - [11/Aug/2022:13:51:03 +0200] "GET /addpage/addpage.php HTTP/1.1" 200 2506
::1 - - [11/Aug/2022:13:51:03 +0200] "GET /addpage/addpage.css HTTP/1.1" 304 -
::1 - - [11/Aug/2022:13:51:03 +0200] "GET /addpage/onchange.js HTTP/1.1" 200 1051
::1 - - [11/Aug/2022:13:51:06 +0200] "GET /mainpage/index.php HTTP/1.1" 200 1737
::1 - - [11/Aug/2022:13:51:25 +0200] "GET /addpage/addpage.php HTTP/1.1" 200 2506
::1 - - [11/Aug/2022:13:51:25 +0200] "GET /addpage/addpage.css HTTP/1.1" 304 -
::1 - - [11/Aug/2022:13:51:25 +0200] "GET /addpage/onchange.js HTTP/1.1" 304 -
::1 - - [11/Aug/2022:13:52:25 +0200] "-" 408 -
::1 - - [11/Aug/2022:13:54:39 +0200] "GET /addpage/addpage.php HTTP/1.1" 200 2506
::1 - - [11/Aug/2022:13:54:39 +0200] "GET /addpage/onchange.js HTTP/1.1" 304 -
::1 - - [11/Aug/2022:13:54:39 +0200] "GET /addpage/addpage.css HTTP/1.1" 304 -
::1 - - [11/Aug/2022:13:54:40 +0200] "GET /mainpage/index.php HTTP/1.1" 200 1745
::1 - - [11/Aug/2022:13:54:45 +0200] "GET /mainpage/index.php HTTP/1.1" 200 1745
::1 - - [11/Aug/2022:13:54:46 +0200] "GET /mainpage/index.php HTTP/1.1" 200 1745
::1 - - [11/Aug/2022:13:54:55 +0200] "GET /mainpage/index.php HTTP/1.1" 200 1742
::1 - - [11/Aug/2022:13:55:55 +0200] "-" 408 -
::1 - - [11/Aug/2022:14:13:44 +0200] "GET / HTTP/1.1" 200 457
::1 - - [11/Aug/2022:14:13:46 +0200] "GET /mainpage/ HTTP/1.1" 200 1670
::1 - - [11/Aug/2022:14:14:08 +0200] "GET /mainpage/ HTTP/1.1" 200 1742
::1 - - [11/Aug/2022:14:15:08 +0200] "-" 408 -
