[Wed Aug 10 14:56:30.505519 2022] [core:warn] [pid 4472:tid 312] AH00098: pid file C:/Apache24/logs/httpd.pid overwritten -- Unclean shutdown of previous Apache run?
[Wed Aug 10 14:56:30.539250 2022] [mpm_winnt:notice] [pid 4472:tid 312] AH00455: Apache/2.4.54 (Win64) PHP/8.1.8 configured -- resuming normal operations
[Wed Aug 10 14:56:30.539250 2022] [mpm_winnt:notice] [pid 4472:tid 312] AH00456: Apache Lounge VS16 Server built: Jun 22 2022 09:58:15
[Wed Aug 10 14:56:30.539250 2022] [core:notice] [pid 4472:tid 312] AH00094: Command line: 'C:\\Apache24\\bin\\httpd.exe -d C:/Apache24'
[Wed Aug 10 14:56:30.539250 2022] [mpm_winnt:notice] [pid 4472:tid 312] AH00418: Parent: Created child process 4272
[Wed Aug 10 14:56:30.781869 2022] [mpm_winnt:notice] [pid 4272:tid 324] AH00354: Child: Starting 64 worker threads.
[Wed Aug 10 14:57:57.424215 2022] [php:error] [pid 4272:tid 1120] [client ::1:61234] PHP Fatal error:  Uncaught mysqli_sql_exception: MySQL server has gone away in D:\\Coding\\localhost\\addpage\\addscript.php:23\nStack trace:\n#0 D:\\Coding\\localhost\\addpage\\addscript.php(23): mysqli->query('INSERT INTO ind...')\n#1 {main}\n  thrown in D:\\Coding\\localhost\\addpage\\addscript.php on line 23, referer: http://localhost/addpage/addpage.php
[Wed Aug 10 14:58:01.530879 2022] [php:error] [pid 4272:tid 1120] [client ::1:61234] PHP Fatal error:  Uncaught mysqli_sql_exception: Es konnte keine Verbindung hergestellt werden, da der Zielcomputer die Verbindung verweigerte in D:\\Coding\\localhost\\mainpage\\index.php:10\nStack trace:\n#0 D:\\Coding\\localhost\\mainpage\\index.php(10): mysqli->__construct('localhost', 'root', 'Qw1sd2xc3kot191...', 'project')\n#1 {main}\n  thrown in D:\\Coding\\localhost\\mainpage\\index.php on line 10, referer: http://localhost/addpage/addscript.php
[Wed Aug 10 14:58:32.309202 2022] [php:error] [pid 4272:tid 1116] [client ::1:61242] PHP Fatal error:  Uncaught mysqli_sql_exception: Es konnte keine Verbindung hergestellt werden, da der Zielcomputer die Verbindung verweigerte in D:\\Coding\\localhost\\mainpage\\index.php:10\nStack trace:\n#0 D:\\Coding\\localhost\\mainpage\\index.php(10): mysqli->__construct('localhost', 'root', 'Qw1sd2xc3kot191...', 'project')\n#1 {main}\n  thrown in D:\\Coding\\localhost\\mainpage\\index.php on line 10, referer: http://localhost/addpage/addpage.php
[Wed Aug 10 15:00:01.014670 2022] [php:error] [pid 4272:tid 1116] [client ::1:61281] PHP Fatal error:  Uncaught Error: Object of class Furniture could not be converted to string in D:\\Coding\\localhost\\mainpage\\index.php:129\nStack trace:\n#0 {main}\n  thrown in D:\\Coding\\localhost\\mainpage\\index.php on line 129, referer: http://localhost/addpage/addscript.php
[Wed Aug 10 15:03:20.102314 2022] [php:warn] [pid 4272:tid 1120] [client ::1:61294] PHP Warning:  Undefined variable $tempArrayOfi in D:\\Coding\\localhost\\mainpage\\index.php on line 105, referer: http://localhost/addpage/addscript.php
[Wed Aug 10 15:03:20.102314 2022] [php:error] [pid 4272:tid 1120] [client ::1:61294] PHP Fatal error:  Uncaught TypeError: get_class(): Argument #1 ($object) must be of type object, null given in D:\\Coding\\localhost\\mainpage\\index.php:105\nStack trace:\n#0 {main}\n  thrown in D:\\Coding\\localhost\\mainpage\\index.php on line 105, referer: http://localhost/addpage/addscript.php
[Wed Aug 10 15:03:21.058326 2022] [php:warn] [pid 4272:tid 1120] [client ::1:61294] PHP Warning:  Undefined variable $tempArrayOfi in D:\\Coding\\localhost\\mainpage\\index.php on line 105, referer: http://localhost/addpage/addscript.php
[Wed Aug 10 15:03:21.058326 2022] [php:error] [pid 4272:tid 1120] [client ::1:61294] PHP Fatal error:  Uncaught TypeError: get_class(): Argument #1 ($object) must be of type object, null given in D:\\Coding\\localhost\\mainpage\\index.php:105\nStack trace:\n#0 {main}\n  thrown in D:\\Coding\\localhost\\mainpage\\index.php on line 105, referer: http://localhost/addpage/addscript.php
[Wed Aug 10 15:27:21.953625 2022] [php:error] [pid 4272:tid 1120] [client ::1:61953] PHP Fatal error:  Uncaught mysqli_sql_exception: Out of range value for column 'height' at row 1 in D:\\Coding\\localhost\\addpage\\addscript.php:42\nStack trace:\n#0 D:\\Coding\\localhost\\addpage\\addscript.php(42): mysqli->query('INSERT INTO fur...')\n#1 {main}\n  thrown in D:\\Coding\\localhost\\addpage\\addscript.php on line 42, referer: http://localhost/addpage/addpage.php
[Wed Aug 10 15:27:21.967301 2022] [php:warn] [pid 4272:tid 1120] [client ::1:61953] PHP Warning:  Trying to access array offset on value of type null in D:\\Coding\\localhost\\mainpage\\index.php on line 83, referer: http://localhost/addpage/addscript.php
[Wed Aug 10 15:27:21.967301 2022] [php:warn] [pid 4272:tid 1120] [client ::1:61953] PHP Warning:  Trying to access array offset on value of type null in D:\\Coding\\localhost\\mainpage\\index.php on line 83, referer: http://localhost/addpage/addscript.php
[Wed Aug 10 15:27:21.967301 2022] [php:warn] [pid 4272:tid 1120] [client ::1:61953] PHP Warning:  Trying to access array offset on value of type null in D:\\Coding\\localhost\\mainpage\\index.php on line 83, referer: http://localhost/addpage/addscript.php
[Wed Aug 10 15:27:21.967301 2022] [php:warn] [pid 4272:tid 1120] [client ::1:61953] PHP Warning:  Trying to access array offset on value of type null in D:\\Coding\\localhost\\mainpage\\index.php on line 83, referer: http://localhost/addpage/addscript.php
[Wed Aug 10 15:27:21.967301 2022] [php:warn] [pid 4272:tid 1120] [client ::1:61953] PHP Warning:  Trying to access array offset on value of type null in D:\\Coding\\localhost\\mainpage\\index.php on line 83, referer: http://localhost/addpage/addscript.php
[Wed Aug 10 15:27:21.967301 2022] [php:warn] [pid 4272:tid 1120] [client ::1:61953] PHP Warning:  Trying to access array offset on value of type null in D:\\Coding\\localhost\\mainpage\\index.php on line 83, referer: http://localhost/addpage/addscript.php
[Wed Aug 10 15:27:41.035476 2022] [php:warn] [pid 4272:tid 1116] [client ::1:61957] PHP Warning:  Trying to access array offset on value of type null in D:\\Coding\\localhost\\mainpage\\index.php on line 83, referer: http://localhost/addpage/addscript.php
[Wed Aug 10 15:27:41.035476 2022] [php:warn] [pid 4272:tid 1116] [client ::1:61957] PHP Warning:  Trying to access array offset on value of type null in D:\\Coding\\localhost\\mainpage\\index.php on line 83, referer: http://localhost/addpage/addscript.php
[Wed Aug 10 15:27:41.035476 2022] [php:warn] [pid 4272:tid 1116] [client ::1:61957] PHP Warning:  Trying to access array offset on value of type null in D:\\Coding\\localhost\\mainpage\\index.php on line 83, referer: http://localhost/addpage/addscript.php
[Wed Aug 10 15:27:41.035476 2022] [php:warn] [pid 4272:tid 1116] [client ::1:61957] PHP Warning:  Trying to access array offset on value of type null in D:\\Coding\\localhost\\mainpage\\index.php on line 83, referer: http://localhost/addpage/addscript.php
[Wed Aug 10 15:27:41.035476 2022] [php:warn] [pid 4272:tid 1116] [client ::1:61957] PHP Warning:  Trying to access array offset on value of type null in D:\\Coding\\localhost\\mainpage\\index.php on line 83, referer: http://localhost/addpage/addscript.php
[Wed Aug 10 15:27:41.035476 2022] [php:warn] [pid 4272:tid 1116] [client ::1:61957] PHP Warning:  Trying to access array offset on value of type null in D:\\Coding\\localhost\\mainpage\\index.php on line 83, referer: http://localhost/addpage/addscript.php
[Wed Aug 10 15:38:16.633934 2022] [php:error] [pid 4272:tid 1120] [client ::1:62116] PHP Fatal error:  Uncaught mysqli_sql_exception: Out of range value for column 'weight' at row 1 in D:\\Coding\\localhost\\addpage\\addscript.php:42\nStack trace:\n#0 D:\\Coding\\localhost\\addpage\\addscript.php(42): mysqli->query('INSERT INTO boo...')\n#1 {main}\n  thrown in D:\\Coding\\localhost\\addpage\\addscript.php on line 42, referer: http://localhost/addpage/addpage.php
[Wed Aug 10 15:38:16.658593 2022] [php:warn] [pid 4272:tid 1120] [client ::1:62116] PHP Warning:  Trying to access array offset on value of type null in D:\\Coding\\localhost\\mainpage\\index.php on line 77, referer: http://localhost/addpage/addscript.php
[Wed Aug 10 15:38:16.658593 2022] [php:warn] [pid 4272:tid 1120] [client ::1:62116] PHP Warning:  Trying to access array offset on value of type null in D:\\Coding\\localhost\\mainpage\\index.php on line 77, referer: http://localhost/addpage/addscript.php
[Wed Aug 10 15:38:16.658593 2022] [php:warn] [pid 4272:tid 1120] [client ::1:62116] PHP Warning:  Trying to access array offset on value of type null in D:\\Coding\\localhost\\mainpage\\index.php on line 77, referer: http://localhost/addpage/addscript.php
[Wed Aug 10 15:38:16.658593 2022] [php:warn] [pid 4272:tid 1120] [client ::1:62116] PHP Warning:  Trying to access array offset on value of type null in D:\\Coding\\localhost\\mainpage\\index.php on line 77, referer: http://localhost/addpage/addscript.php
[Wed Aug 10 15:38:20.553267 2022] [php:warn] [pid 4272:tid 1120] [client ::1:62116] PHP Warning:  Trying to access array offset on value of type null in D:\\Coding\\localhost\\mainpage\\index.php on line 77, referer: http://localhost/addpage/addscript.php
[Wed Aug 10 15:38:20.553267 2022] [php:warn] [pid 4272:tid 1120] [client ::1:62116] PHP Warning:  Trying to access array offset on value of type null in D:\\Coding\\localhost\\mainpage\\index.php on line 77, referer: http://localhost/addpage/addscript.php
[Wed Aug 10 15:38:20.553267 2022] [php:warn] [pid 4272:tid 1120] [client ::1:62116] PHP Warning:  Trying to access array offset on value of type null in D:\\Coding\\localhost\\mainpage\\index.php on line 77, referer: http://localhost/addpage/addscript.php
[Wed Aug 10 15:38:20.553267 2022] [php:warn] [pid 4272:tid 1120] [client ::1:62116] PHP Warning:  Trying to access array offset on value of type null in D:\\Coding\\localhost\\mainpage\\index.php on line 77, referer: http://localhost/addpage/addscript.php
[Wed Aug 10 15:38:49.617661 2022] [php:error] [pid 4272:tid 1120] [client ::1:62122] PHP Fatal error:  Uncaught mysqli_sql_exception: Out of range value for column 'mb' at row 1 in D:\\Coding\\localhost\\addpage\\addscript.php:42\nStack trace:\n#0 D:\\Coding\\localhost\\addpage\\addscript.php(42): mysqli->query('INSERT INTO dvd...')\n#1 {main}\n  thrown in D:\\Coding\\localhost\\addpage\\addscript.php on line 42, referer: http://localhost/addpage/addpage.php
[Wed Aug 10 15:38:49.655420 2022] [php:warn] [pid 4272:tid 1120] [client ::1:62122] PHP Warning:  Trying to access array offset on value of type null in D:\\Coding\\localhost\\mainpage\\index.php on line 71, referer: http://localhost/addpage/addscript.php
[Wed Aug 10 15:38:49.655420 2022] [php:warn] [pid 4272:tid 1120] [client ::1:62122] PHP Warning:  Trying to access array offset on value of type null in D:\\Coding\\localhost\\mainpage\\index.php on line 71, referer: http://localhost/addpage/addscript.php
[Wed Aug 10 15:38:49.655420 2022] [php:warn] [pid 4272:tid 1120] [client ::1:62122] PHP Warning:  Trying to access array offset on value of type null in D:\\Coding\\localhost\\mainpage\\index.php on line 71, referer: http://localhost/addpage/addscript.php
[Wed Aug 10 15:38:49.655420 2022] [php:warn] [pid 4272:tid 1120] [client ::1:62122] PHP Warning:  Trying to access array offset on value of type null in D:\\Coding\\localhost\\mainpage\\index.php on line 71, referer: http://localhost/addpage/addscript.php
[Wed Aug 10 15:42:50.626629 2022] [php:error] [pid 4272:tid 1116] [client ::1:62151] PHP Fatal error:  Uncaught mysqli_sql_exception: Out of range value for column 'mb' at row 1 in D:\\Coding\\localhost\\addpage\\addscript.php:42\nStack trace:\n#0 D:\\Coding\\localhost\\addpage\\addscript.php(42): mysqli->query('INSERT INTO dvd...')\n#1 {main}\n  thrown in D:\\Coding\\localhost\\addpage\\addscript.php on line 42, referer: http://localhost/addpage/addpage.php
[Wed Aug 10 15:42:50.640490 2022] [php:warn] [pid 4272:tid 1116] [client ::1:62151] PHP Warning:  Trying to access array offset on value of type null in D:\\Coding\\localhost\\mainpage\\index.php on line 71, referer: http://localhost/addpage/addscript.php
[Wed Aug 10 15:42:50.640490 2022] [php:warn] [pid 4272:tid 1116] [client ::1:62151] PHP Warning:  Trying to access array offset on value of type null in D:\\Coding\\localhost\\mainpage\\index.php on line 71, referer: http://localhost/addpage/addscript.php
[Wed Aug 10 15:42:50.640490 2022] [php:warn] [pid 4272:tid 1116] [client ::1:62151] PHP Warning:  Trying to access array offset on value of type null in D:\\Coding\\localhost\\mainpage\\index.php on line 71, referer: http://localhost/addpage/addscript.php
[Wed Aug 10 15:42:50.640490 2022] [php:warn] [pid 4272:tid 1116] [client ::1:62151] PHP Warning:  Trying to access array offset on value of type null in D:\\Coding\\localhost\\mainpage\\index.php on line 71, referer: http://localhost/addpage/addscript.php
[Wed Aug 10 15:44:02.422358 2022] [php:warn] [pid 4272:tid 1120] [client ::1:62178] PHP Warning:  Trying to access array offset on value of type null in D:\\Coding\\localhost\\mainpage\\index.php on line 71, referer: http://localhost/addpage/addscript.php
[Wed Aug 10 15:44:02.422358 2022] [php:warn] [pid 4272:tid 1120] [client ::1:62178] PHP Warning:  Trying to access array offset on value of type null in D:\\Coding\\localhost\\mainpage\\index.php on line 71, referer: http://localhost/addpage/addscript.php
[Wed Aug 10 15:44:02.422358 2022] [php:warn] [pid 4272:tid 1120] [client ::1:62178] PHP Warning:  Trying to access array offset on value of type null in D:\\Coding\\localhost\\mainpage\\index.php on line 71, referer: http://localhost/addpage/addscript.php
[Wed Aug 10 15:44:02.422358 2022] [php:warn] [pid 4272:tid 1120] [client ::1:62178] PHP Warning:  Trying to access array offset on value of type null in D:\\Coding\\localhost\\mainpage\\index.php on line 71, referer: http://localhost/addpage/addscript.php
[Wed Aug 10 15:44:20.228152 2022] [php:error] [pid 4272:tid 1116] [client ::1:62179] PHP Fatal error:  Uncaught mysqli_sql_exception: Out of range value for column 'mb' at row 1 in D:\\Coding\\localhost\\addpage\\addscript.php:42\nStack trace:\n#0 D:\\Coding\\localhost\\addpage\\addscript.php(42): mysqli->query('INSERT INTO dvd...')\n#1 {main}\n  thrown in D:\\Coding\\localhost\\addpage\\addscript.php on line 42, referer: http://localhost/addpage/addpage.php
[Wed Aug 10 15:44:20.257775 2022] [php:warn] [pid 4272:tid 1116] [client ::1:62179] PHP Warning:  Trying to access array offset on value of type null in D:\\Coding\\localhost\\mainpage\\index.php on line 71, referer: http://localhost/addpage/addscript.php
[Wed Aug 10 15:44:20.257775 2022] [php:warn] [pid 4272:tid 1116] [client ::1:62179] PHP Warning:  Trying to access array offset on value of type null in D:\\Coding\\localhost\\mainpage\\index.php on line 71, referer: http://localhost/addpage/addscript.php
[Wed Aug 10 15:44:20.257775 2022] [php:warn] [pid 4272:tid 1116] [client ::1:62179] PHP Warning:  Trying to access array offset on value of type null in D:\\Coding\\localhost\\mainpage\\index.php on line 71, referer: http://localhost/addpage/addscript.php
[Wed Aug 10 15:44:20.257775 2022] [php:warn] [pid 4272:tid 1116] [client ::1:62179] PHP Warning:  Trying to access array offset on value of type null in D:\\Coding\\localhost\\mainpage\\index.php on line 71, referer: http://localhost/addpage/addscript.php
[Wed Aug 10 15:44:20.257775 2022] [php:warn] [pid 4272:tid 1116] [client ::1:62179] PHP Warning:  Trying to access array offset on value of type null in D:\\Coding\\localhost\\mainpage\\index.php on line 71, referer: http://localhost/addpage/addscript.php
[Wed Aug 10 15:44:20.257775 2022] [php:warn] [pid 4272:tid 1116] [client ::1:62179] PHP Warning:  Trying to access array offset on value of type null in D:\\Coding\\localhost\\mainpage\\index.php on line 71, referer: http://localhost/addpage/addscript.php
[Wed Aug 10 15:44:20.257775 2022] [php:warn] [pid 4272:tid 1116] [client ::1:62179] PHP Warning:  Trying to access array offset on value of type null in D:\\Coding\\localhost\\mainpage\\index.php on line 71, referer: http://localhost/addpage/addscript.php
[Wed Aug 10 15:44:20.257775 2022] [php:warn] [pid 4272:tid 1116] [client ::1:62179] PHP Warning:  Trying to access array offset on value of type null in D:\\Coding\\localhost\\mainpage\\index.php on line 71, referer: http://localhost/addpage/addscript.php
[Wed Aug 10 15:45:39.021420 2022] [php:error] [pid 4272:tid 1120] [client ::1:62240] PHP Fatal error:  Uncaught mysqli_sql_exception: Out of range value for column 'mb' at row 1 in D:\\Coding\\localhost\\addpage\\addscript.php:42\nStack trace:\n#0 D:\\Coding\\localhost\\addpage\\addscript.php(42): mysqli->query('INSERT INTO dvd...')\n#1 {main}\n  thrown in D:\\Coding\\localhost\\addpage\\addscript.php on line 42, referer: http://localhost/addpage/addpage.php
[Wed Aug 10 15:45:39.057134 2022] [php:warn] [pid 4272:tid 1120] [client ::1:62240] PHP Warning:  Trying to access array offset on value of type null in D:\\Coding\\localhost\\mainpage\\index.php on line 71, referer: http://localhost/addpage/addscript.php
[Wed Aug 10 15:45:39.057134 2022] [php:warn] [pid 4272:tid 1120] [client ::1:62240] PHP Warning:  Trying to access array offset on value of type null in D:\\Coding\\localhost\\mainpage\\index.php on line 71, referer: http://localhost/addpage/addscript.php
[Wed Aug 10 15:45:39.057134 2022] [php:warn] [pid 4272:tid 1120] [client ::1:62240] PHP Warning:  Trying to access array offset on value of type null in D:\\Coding\\localhost\\mainpage\\index.php on line 71, referer: http://localhost/addpage/addscript.php
[Wed Aug 10 15:45:39.057134 2022] [php:warn] [pid 4272:tid 1120] [client ::1:62240] PHP Warning:  Trying to access array offset on value of type null in D:\\Coding\\localhost\\mainpage\\index.php on line 71, referer: http://localhost/addpage/addscript.php
[Thu Aug 11 12:37:04.039395 2022] [php:error] [pid 4272:tid 1104] [client ::1:50253] PHP Fatal error:  Uncaught mysqli_sql_exception: Access denied for user 'root'@'localhost' (using password: YES) in D:\\Coding\\localhost\\mainpage\\index.php:10\nStack trace:\n#0 D:\\Coding\\localhost\\mainpage\\index.php(10): mysqli->__construct('localhost', 'root', '5GJLxtUXj3gHL%N...', 'project')\n#1 {main}\n  thrown in D:\\Coding\\localhost\\mainpage\\index.php on line 10, referer: http://localhost/
[Thu Aug 11 12:37:36.488167 2022] [php:error] [pid 4272:tid 1120] [client ::1:50254] PHP Fatal error:  Uncaught mysqli_sql_exception: Commands out of sync; you can't run this command now in D:\\Coding\\localhost\\mainpage\\index.php:64\nStack trace:\n#0 D:\\Coding\\localhost\\mainpage\\index.php(64): mysqli_stmt->get_result()\n#1 {main}\n  thrown in D:\\Coding\\localhost\\mainpage\\index.php on line 64, referer: http://localhost/
[Thu Aug 11 12:38:20.895852 2022] [php:error] [pid 4272:tid 1104] [client ::1:50268] PHP Fatal error:  Uncaught Error: Call to a member function get_result() on bool in D:\\Coding\\localhost\\mainpage\\index.php:64\nStack trace:\n#0 {main}\n  thrown in D:\\Coding\\localhost\\mainpage\\index.php on line 64, referer: http://localhost/
[Thu Aug 11 13:49:11.321773 2022] [php:error] [pid 4272:tid 1104] [client ::1:53282] PHP Fatal error:  Uncaught mysqli_sql_exception: Access denied for user 'id19400516_projectest'@'localhost' (using password: YES) in D:\\Coding\\localhost\\mainpage\\index.php:10\nStack trace:\n#0 D:\\Coding\\localhost\\mainpage\\index.php(10): mysqli->__construct('localhost', 'id19400516_proj...', '5GJLxtUXj3gHL%N...', 'id19400516_proj...')\n#1 {main}\n  thrown in D:\\Coding\\localhost\\mainpage\\index.php on line 10, referer: http://localhost/
[Thu Aug 11 13:49:49.871252 2022] [php:error] [pid 4272:tid 1120] [client ::1:53283] PHP Fatal error:  Uncaught mysqli_sql_exception: Access denied for user 'root'@'localhost' (using password: YES) in D:\\Coding\\localhost\\mainpage\\index.php:10\nStack trace:\n#0 D:\\Coding\\localhost\\mainpage\\index.php(10): mysqli->__construct('localhost', 'root', 'Qw1sd2xc3kot191...', 'project')\n#1 {main}\n  thrown in D:\\Coding\\localhost\\mainpage\\index.php on line 10, referer: http://localhost/
[Thu Aug 11 13:49:50.787749 2022] [php:error] [pid 4272:tid 1120] [client ::1:53283] PHP Fatal error:  Uncaught mysqli_sql_exception: Access denied for user 'root'@'localhost' (using password: YES) in D:\\Coding\\localhost\\mainpage\\index.php:10\nStack trace:\n#0 D:\\Coding\\localhost\\mainpage\\index.php(10): mysqli->__construct('localhost', 'root', 'Qw1sd2xc3kot191...', 'project')\n#1 {main}\n  thrown in D:\\Coding\\localhost\\mainpage\\index.php on line 10, referer: http://localhost/
[Thu Aug 11 13:50:31.832397 2022] [php:error] [pid 4272:tid 1120] [client ::1:53299] PHP Fatal error:  Uncaught mysqli_sql_exception: Access denied for user 'id19400516_projectest'@'localhost' (using password: YES) in D:\\Coding\\localhost\\addpage\\addpage.php:11\nStack trace:\n#0 D:\\Coding\\localhost\\addpage\\addpage.php(11): mysqli->__construct('localhost', 'id19400516_proj...', '5GJLxtUXj3gHL%N...', 'id19400516_proj...')\n#1 {main}\n  thrown in D:\\Coding\\localhost\\addpage\\addpage.php on line 11, referer: http://localhost/mainpage/
[Sat Aug 13 11:01:59.929258 2022] [mpm_winnt:notice] [pid 4472:tid 312] AH00422: Parent: Received shutdown signal -- Shutting down the server.
[Sat Aug 13 11:04:43.072376 2022] [core:warn] [pid 6304:tid 308] AH00098: pid file C:/Apache24/logs/httpd.pid overwritten -- Unclean shutdown of previous Apache run?
[Sat Aug 13 11:04:43.956778 2022] [mpm_winnt:notice] [pid 6304:tid 308] AH00455: Apache/2.4.54 (Win64) PHP/8.1.8 configured -- resuming normal operations
[Sat Aug 13 11:04:43.956778 2022] [mpm_winnt:notice] [pid 6304:tid 308] AH00456: Apache Lounge VS16 Server built: Jun 22 2022 09:58:15
[Sat Aug 13 11:04:43.956778 2022] [core:notice] [pid 6304:tid 308] AH00094: Command line: 'C:\\Apache24\\bin\\httpd.exe -d C:/Apache24'
[Sat Aug 13 11:04:43.971650 2022] [mpm_winnt:notice] [pid 6304:tid 308] AH00418: Parent: Created child process 22152
[Sat Aug 13 11:04:44.238693 2022] [mpm_winnt:notice] [pid 22152:tid 328] AH00354: Child: Starting 64 worker threads.
[Sun Aug 14 20:17:57.331015 2022] [mpm_winnt:notice] [pid 6304:tid 308] AH00422: Parent: Received shutdown signal -- Shutting down the server.
[Sun Aug 14 20:17:59.353947 2022] [mpm_winnt:notice] [pid 22152:tid 328] AH00364: Child: All worker threads have exited.
[Sun Aug 14 20:17:59.385198 2022] [mpm_winnt:notice] [pid 6304:tid 308] AH00430: Parent: Child process 22152 exited successfully.
[Sun Aug 14 20:37:43.903887 2022] [mpm_winnt:notice] [pid 5996:tid 308] AH00455: Apache/2.4.54 (Win64) PHP/8.1.8 configured -- resuming normal operations
[Sun Aug 14 20:37:43.903887 2022] [mpm_winnt:notice] [pid 5996:tid 308] AH00456: Apache Lounge VS16 Server built: Jun 22 2022 09:58:15
[Sun Aug 14 20:37:43.903887 2022] [core:notice] [pid 5996:tid 308] AH00094: Command line: 'C:\\Apache24\\bin\\httpd.exe -d C:/Apache24'
[Sun Aug 14 20:37:43.907887 2022] [mpm_winnt:notice] [pid 5996:tid 308] AH00418: Parent: Created child process 16580
[Sun Aug 14 20:37:44.163065 2022] [mpm_winnt:notice] [pid 16580:tid 332] AH00354: Child: Starting 64 worker threads.
[Sun Aug 14 20:51:11.212931 2022] [mpm_winnt:notice] [pid 5996:tid 308] AH00422: Parent: Received shutdown signal -- Shutting down the server.
[Sun Aug 14 20:51:13.244346 2022] [mpm_winnt:notice] [pid 16580:tid 332] AH00364: Child: All worker threads have exited.
[Sun Aug 14 20:51:13.259969 2022] [mpm_winnt:notice] [pid 5996:tid 308] AH00430: Parent: Child process 16580 exited successfully.
[Sun Aug 14 19:56:50.451986 2022] [mpm_winnt:notice] [pid 13560:tid 308] AH00455: Apache/2.4.54 (Win64) PHP/8.1.8 configured -- resuming normal operations
[Sun Aug 14 19:56:50.451986 2022] [mpm_winnt:notice] [pid 13560:tid 308] AH00456: Apache Lounge VS16 Server built: Jun 22 2022 09:58:15
[Sun Aug 14 19:56:50.451986 2022] [core:notice] [pid 13560:tid 308] AH00094: Command line: 'C:\\Apache24\\bin\\httpd.exe -d C:/Apache24'
[Sun Aug 14 19:56:50.459987 2022] [mpm_winnt:notice] [pid 13560:tid 308] AH00418: Parent: Created child process 3920
[Sun Aug 14 19:56:50.713229 2022] [mpm_winnt:notice] [pid 3920:tid 336] AH00354: Child: Starting 64 worker threads.
[Mon Aug 15 17:15:24.306401 2022] [mpm_winnt:notice] [pid 13560:tid 308] AH00422: Parent: Received shutdown signal -- Shutting down the server.
[Mon Aug 15 17:15:26.338453 2022] [mpm_winnt:notice] [pid 3920:tid 336] AH00364: Child: All worker threads have exited.
[Mon Aug 15 17:15:26.354078 2022] [mpm_winnt:notice] [pid 13560:tid 308] AH00430: Parent: Child process 3920 exited successfully.
[Mon Aug 15 17:18:45.890091 2022] [mpm_winnt:notice] [pid 7008:tid 332] AH00455: Apache/2.4.54 (Win64) PHP/8.1.8 configured -- resuming normal operations
[Mon Aug 15 17:18:45.890091 2022] [mpm_winnt:notice] [pid 7008:tid 332] AH00456: Apache Lounge VS16 Server built: Jun 22 2022 09:58:15
[Mon Aug 15 17:18:45.890091 2022] [core:notice] [pid 7008:tid 332] AH00094: Command line: 'C:\\Apache24\\bin\\httpd.exe -d C:/Apache24'
[Mon Aug 15 17:18:45.890091 2022] [mpm_winnt:notice] [pid 7008:tid 332] AH00418: Parent: Created child process 18384
[Mon Aug 15 17:18:46.124438 2022] [mpm_winnt:notice] [pid 18384:tid 348] AH00354: Child: Starting 64 worker threads.
[Wed Aug 17 22:11:36.556319 2022] [mpm_winnt:notice] [pid 7008:tid 332] AH00422: Parent: Received shutdown signal -- Shutting down the server.
[Wed Aug 17 22:11:38.587343 2022] [mpm_winnt:notice] [pid 18384:tid 348] AH00364: Child: All worker threads have exited.
[Wed Aug 17 22:11:38.618590 2022] [mpm_winnt:notice] [pid 7008:tid 332] AH00430: Parent: Child process 18384 exited successfully.
[Wed Aug 17 22:14:17.741410 2022] [mpm_winnt:notice] [pid 21000:tid 308] AH00455: Apache/2.4.54 (Win64) PHP/8.1.8 configured -- resuming normal operations
[Wed Aug 17 22:14:17.741410 2022] [mpm_winnt:notice] [pid 21000:tid 308] AH00456: Apache Lounge VS16 Server built: Jun 22 2022 09:58:15
[Wed Aug 17 22:14:17.741410 2022] [core:notice] [pid 21000:tid 308] AH00094: Command line: 'C:\\Apache24\\bin\\httpd.exe -d C:/Apache24'
[Wed Aug 17 22:14:17.750405 2022] [mpm_winnt:notice] [pid 21000:tid 308] AH00418: Parent: Created child process 21336
[Wed Aug 17 22:14:17.997906 2022] [mpm_winnt:notice] [pid 21336:tid 324] AH00354: Child: Starting 64 worker threads.
[Thu Aug 18 14:08:21.540152 2022] [mpm_winnt:notice] [pid 16852:tid 324] AH00455: Apache/2.4.54 (Win64) PHP/8.1.8 configured -- resuming normal operations
[Thu Aug 18 14:08:21.540152 2022] [mpm_winnt:notice] [pid 16852:tid 324] AH00456: Apache Lounge VS16 Server built: Jun 22 2022 09:58:15
[Thu Aug 18 14:08:21.540152 2022] [core:notice] [pid 16852:tid 324] AH00094: Command line: 'C:\\Apache24\\bin\\httpd.exe -d C:/Apache24'
[Thu Aug 18 14:08:21.548121 2022] [mpm_winnt:notice] [pid 16852:tid 324] AH00418: Parent: Created child process 2992
[Thu Aug 18 14:08:21.780232 2022] [mpm_winnt:notice] [pid 2992:tid 324] AH00354: Child: Starting 64 worker threads.
[Thu Aug 18 17:39:16.605682 2022] [mpm_winnt:notice] [pid 16852:tid 324] AH00422: Parent: Received shutdown signal -- Shutting down the server.
[Thu Aug 18 17:39:18.636709 2022] [mpm_winnt:notice] [pid 2992:tid 324] AH00364: Child: All worker threads have exited.
[Thu Aug 18 17:39:18.667956 2022] [mpm_winnt:notice] [pid 16852:tid 324] AH00430: Parent: Child process 2992 exited successfully.
[Thu Aug 18 17:41:52.945595 2022] [mpm_winnt:notice] [pid 15688:tid 332] AH00455: Apache/2.4.54 (Win64) PHP/8.1.8 configured -- resuming normal operations
[Thu Aug 18 17:41:52.945595 2022] [mpm_winnt:notice] [pid 15688:tid 332] AH00456: Apache Lounge VS16 Server built: Jun 22 2022 09:58:15
[Thu Aug 18 17:41:52.945595 2022] [core:notice] [pid 15688:tid 332] AH00094: Command line: 'C:\\Apache24\\bin\\httpd.exe -d C:/Apache24'
[Thu Aug 18 17:41:52.949582 2022] [mpm_winnt:notice] [pid 15688:tid 332] AH00418: Parent: Created child process 15664
[Thu Aug 18 17:41:53.161917 2022] [mpm_winnt:notice] [pid 15664:tid 340] AH00354: Child: Starting 64 worker threads.
[Thu Aug 18 21:21:30.766131 2022] [mpm_winnt:notice] [pid 15688:tid 332] AH00422: Parent: Received shutdown signal -- Shutting down the server.
[Thu Aug 18 21:21:32.797163 2022] [mpm_winnt:notice] [pid 15664:tid 340] AH00364: Child: All worker threads have exited.
[Thu Aug 18 21:21:32.828474 2022] [mpm_winnt:notice] [pid 15688:tid 332] AH00430: Parent: Child process 15664 exited successfully.
[Thu Aug 18 19:52:27.989754 2022] [mpm_winnt:notice] [pid 16492:tid 316] AH00455: Apache/2.4.54 (Win64) PHP/8.1.8 configured -- resuming normal operations
[Thu Aug 18 19:52:27.989754 2022] [mpm_winnt:notice] [pid 16492:tid 316] AH00456: Apache Lounge VS16 Server built: Jun 22 2022 09:58:15
[Thu Aug 18 19:52:27.989754 2022] [core:notice] [pid 16492:tid 316] AH00094: Command line: 'C:\\Apache24\\bin\\httpd.exe -d C:/Apache24'
[Thu Aug 18 19:52:27.997728 2022] [mpm_winnt:notice] [pid 16492:tid 316] AH00418: Parent: Created child process 17152
[Thu Aug 18 19:52:28.236296 2022] [mpm_winnt:notice] [pid 17152:tid 336] AH00354: Child: Starting 64 worker threads.
