2022-07-20T19:33:00.995139Z 0 [Warning] [MY-010915] [Server] 'NO_ZERO_DATE', 'NO_ZERO_IN_DATE' and 'ERROR_FOR_DIVISION_BY_ZERO' sql modes should be used with strict mode. They will be merged with strict mode in a future release.
2022-07-20T19:33:00.996474Z 0 [System] [MY-010116] [Server] C:\Program Files\MySQL\MySQL Server 8.0\bin\mysqld.exe (mysqld 8.0.29) starting as process 11268
2022-07-20T19:33:01.011036Z 1 [System] [MY-013576] [InnoDB] InnoDB initialization has started.
2022-07-20T19:33:01.177488Z 1 [System] [MY-013577] [InnoDB] InnoDB initialization has ended.
2022-07-20T19:33:02.625681Z 0 [Warning] [MY-010068] [Server] CA certificate ca.pem is self signed.
2022-07-20T19:33:02.626454Z 0 [System] [MY-013602] [Server] Channel mysql_main configured to support TLS. Encrypted connections are now supported for this channel.
2022-07-20T19:33:02.647603Z 0 [System] [MY-011323] [Server] X Plugin ready for connections. Bind-address: '::' port: 33060
2022-07-20T19:33:02.647657Z 0 [System] [MY-010931] [Server] C:\Program Files\MySQL\MySQL Server 8.0\bin\mysqld.exe: ready for connections. Version: '8.0.29'  socket: ''  port: 3306  MySQL Community Server - GPL.
2022-07-20T21:25:41.174989Z 0 [System] [MY-013105] [Server] C:\Program Files\MySQL\MySQL Server 8.0\bin\mysqld.exe: Normal shutdown.
2022-07-20T21:25:42.296800Z 0 [System] [MY-010910] [Server] C:\Program Files\MySQL\MySQL Server 8.0\bin\mysqld.exe: Shutdown complete (mysqld 8.0.29)  MySQL Community Server - GPL.
2022-07-20T21:26:25.676320Z 0 [Warning] [MY-010915] [Server] 'NO_ZERO_DATE', 'NO_ZERO_IN_DATE' and 'ERROR_FOR_DIVISION_BY_ZERO' sql modes should be used with strict mode. They will be merged with strict mode in a future release.
2022-07-20T21:26:25.678646Z 0 [System] [MY-010116] [Server] C:\Program Files\MySQL\MySQL Server 8.0\bin\mysqld.exe (mysqld 8.0.29) starting as process 6360
2022-07-20T21:26:25.718651Z 1 [System] [MY-013576] [InnoDB] InnoDB initialization has started.
2022-07-20T21:26:25.945091Z 1 [System] [MY-013577] [InnoDB] InnoDB initialization has ended.
2022-07-20T21:26:26.275215Z 0 [Warning] [MY-010068] [Server] CA certificate ca.pem is self signed.
2022-07-20T21:26:26.275708Z 0 [System] [MY-013602] [Server] Channel mysql_main configured to support TLS. Encrypted connections are now supported for this channel.
2022-07-20T21:26:26.305468Z 0 [System] [MY-011323] [Server] X Plugin ready for connections. Bind-address: '::' port: 33060
2022-07-20T21:26:26.305541Z 0 [System] [MY-010931] [Server] C:\Program Files\MySQL\MySQL Server 8.0\bin\mysqld.exe: ready for connections. Version: '8.0.29'  socket: ''  port: 3306  MySQL Community Server - GPL.
2022-07-21T01:29:02.205961Z 0 [System] [MY-013105] [Server] C:\Program Files\MySQL\MySQL Server 8.0\bin\mysqld.exe: Normal shutdown.
2022-07-21T01:29:03.446328Z 0 [System] [MY-010910] [Server] C:\Program Files\MySQL\MySQL Server 8.0\bin\mysqld.exe: Shutdown complete (mysqld 8.0.29)  MySQL Community Server - GPL.
2022-07-21T01:32:38.624564Z 0 [Warning] [MY-010915] [Server] 'NO_ZERO_DATE', 'NO_ZERO_IN_DATE' and 'ERROR_FOR_DIVISION_BY_ZERO' sql modes should be used with strict mode. They will be merged with strict mode in a future release.
2022-07-21T01:32:38.626090Z 0 [System] [MY-010116] [Server] C:\Program Files\MySQL\MySQL Server 8.0\bin\mysqld.exe (mysqld 8.0.29) starting as process 16444
2022-07-21T01:32:38.636263Z 1 [System] [MY-013576] [InnoDB] InnoDB initialization has started.
2022-07-21T01:32:38.837586Z 1 [System] [MY-013577] [InnoDB] InnoDB initialization has ended.
2022-07-21T01:32:38.943470Z 1 [Warning] [MY-012351] [InnoDB] Tablespace 36, name 'project/dvds', file '.\project\dvds.ibd' is missing!
2022-07-21T01:32:38.943912Z 1 [Warning] [MY-012351] [InnoDB] Tablespace 37, name 'project/books', file '.\project\books.ibd' is missing!
2022-07-21T01:32:38.944337Z 1 [Warning] [MY-012351] [InnoDB] Tablespace 38, name 'project/furniture', file '.\project\furniture.ibd' is missing!
2022-07-21T01:32:39.103951Z 0 [Warning] [MY-010068] [Server] CA certificate ca.pem is self signed.
2022-07-21T01:32:39.104303Z 0 [System] [MY-013602] [Server] Channel mysql_main configured to support TLS. Encrypted connections are now supported for this channel.
2022-07-21T01:32:39.126458Z 0 [System] [MY-011323] [Server] X Plugin ready for connections. Bind-address: '::' port: 33060
2022-07-21T01:32:39.126535Z 0 [System] [MY-010931] [Server] C:\Program Files\MySQL\MySQL Server 8.0\bin\mysqld.exe: ready for connections. Version: '8.0.29'  socket: ''  port: 3306  MySQL Community Server - GPL.
2022-07-21T01:32:46.957381Z 0 [System] [MY-013105] [Server] C:\Program Files\MySQL\MySQL Server 8.0\bin\mysqld.exe: Normal shutdown.
2022-07-21T01:32:47.228540Z 0 [System] [MY-010910] [Server] C:\Program Files\MySQL\MySQL Server 8.0\bin\mysqld.exe: Shutdown complete (mysqld 8.0.29)  MySQL Community Server - GPL.
2022-07-21T01:34:45.697314Z 0 [Warning] [MY-010915] [Server] 'NO_ZERO_DATE', 'NO_ZERO_IN_DATE' and 'ERROR_FOR_DIVISION_BY_ZERO' sql modes should be used with strict mode. They will be merged with strict mode in a future release.
2022-07-21T01:34:45.698590Z 0 [System] [MY-010116] [Server] C:\Program Files\MySQL\MySQL Server 8.0\bin\mysqld.exe (mysqld 8.0.29) starting as process 22092
2022-07-21T01:34:45.708831Z 1 [System] [MY-013576] [InnoDB] InnoDB initialization has started.
2022-07-21T01:34:45.876242Z 1 [System] [MY-013577] [InnoDB] InnoDB initialization has ended.
2022-07-21T01:34:46.036473Z 0 [Warning] [MY-010068] [Server] CA certificate ca.pem is self signed.
2022-07-21T01:34:46.036816Z 0 [System] [MY-013602] [Server] Channel mysql_main configured to support TLS. Encrypted connections are now supported for this channel.
2022-07-21T01:34:46.057506Z 0 [System] [MY-011323] [Server] X Plugin ready for connections. Bind-address: '::' port: 33060
2022-07-21T01:34:46.057531Z 0 [System] [MY-010931] [Server] C:\Program Files\MySQL\MySQL Server 8.0\bin\mysqld.exe: ready for connections. Version: '8.0.29'  socket: ''  port: 3306  MySQL Community Server - GPL.
2022-07-21T01:40:07.284616Z 0 [System] [MY-013105] [Server] C:\Program Files\MySQL\MySQL Server 8.0\bin\mysqld.exe: Normal shutdown.
2022-07-21T01:40:08.069201Z 0 [System] [MY-010910] [Server] C:\Program Files\MySQL\MySQL Server 8.0\bin\mysqld.exe: Shutdown complete (mysqld 8.0.29)  MySQL Community Server - GPL.
2022-07-21T01:50:34.994881Z 0 [Warning] [MY-010915] [Server] 'NO_ZERO_DATE', 'NO_ZERO_IN_DATE' and 'ERROR_FOR_DIVISION_BY_ZERO' sql modes should be used with strict mode. They will be merged with strict mode in a future release.
2022-07-21T01:50:34.995820Z 0 [System] [MY-010116] [Server] C:\Program Files\MySQL\MySQL Server 8.0\bin\mysqld.exe (mysqld 8.0.29) starting as process 18784
2022-07-21T01:50:35.005515Z 1 [System] [MY-013576] [InnoDB] InnoDB initialization has started.
2022-07-21T01:50:35.162775Z 1 [System] [MY-013577] [InnoDB] InnoDB initialization has ended.
2022-07-21T01:50:35.379257Z 0 [Warning] [MY-010068] [Server] CA certificate ca.pem is self signed.
2022-07-21T01:50:35.379553Z 0 [System] [MY-013602] [Server] Channel mysql_main configured to support TLS. Encrypted connections are now supported for this channel.
2022-07-21T01:50:35.420242Z 0 [System] [MY-011323] [Server] X Plugin ready for connections. Bind-address: '::' port: 33060
2022-07-21T01:50:35.420345Z 0 [System] [MY-010931] [Server] C:\Program Files\MySQL\MySQL Server 8.0\bin\mysqld.exe: ready for connections. Version: '8.0.29'  socket: ''  port: 3306  MySQL Community Server - GPL.
2022-07-24T07:10:29.190082Z 0 [System] [MY-013105] [Server] C:\Program Files\MySQL\MySQL Server 8.0\bin\mysqld.exe: Normal shutdown.
2022-07-24T07:10:29.803785Z 0 [System] [MY-010910] [Server] C:\Program Files\MySQL\MySQL Server 8.0\bin\mysqld.exe: Shutdown complete (mysqld 8.0.29)  MySQL Community Server - GPL.
2022-07-24T07:11:03.862065Z 0 [Warning] [MY-010915] [Server] 'NO_ZERO_DATE', 'NO_ZERO_IN_DATE' and 'ERROR_FOR_DIVISION_BY_ZERO' sql modes should be used with strict mode. They will be merged with strict mode in a future release.
2022-07-24T07:11:03.863879Z 0 [System] [MY-010116] [Server] C:\Program Files\MySQL\MySQL Server 8.0\bin\mysqld.exe (mysqld 8.0.29) starting as process 6472
2022-07-24T07:11:03.894572Z 1 [System] [MY-013576] [InnoDB] InnoDB initialization has started.
2022-07-24T07:11:04.073467Z 1 [System] [MY-013577] [InnoDB] InnoDB initialization has ended.
2022-07-24T07:11:04.228618Z 0 [Warning] [MY-010068] [Server] CA certificate ca.pem is self signed.
2022-07-24T07:11:04.228941Z 0 [System] [MY-013602] [Server] Channel mysql_main configured to support TLS. Encrypted connections are now supported for this channel.
2022-07-24T07:11:04.252773Z 0 [System] [MY-011323] [Server] X Plugin ready for connections. Bind-address: '::' port: 33060
2022-07-24T07:11:04.252853Z 0 [System] [MY-010931] [Server] C:\Program Files\MySQL\MySQL Server 8.0\bin\mysqld.exe: ready for connections. Version: '8.0.29'  socket: ''  port: 3306  MySQL Community Server - GPL.
2022-07-24T13:40:33.686875Z 0 [System] [MY-013105] [Server] C:\Program Files\MySQL\MySQL Server 8.0\bin\mysqld.exe: Normal shutdown.
2022-07-24T13:40:34.926399Z 0 [System] [MY-010910] [Server] C:\Program Files\MySQL\MySQL Server 8.0\bin\mysqld.exe: Shutdown complete (mysqld 8.0.29)  MySQL Community Server - GPL.
2022-07-24T13:41:07.831647Z 0 [Warning] [MY-010915] [Server] 'NO_ZERO_DATE', 'NO_ZERO_IN_DATE' and 'ERROR_FOR_DIVISION_BY_ZERO' sql modes should be used with strict mode. They will be merged with strict mode in a future release.
2022-07-24T13:41:07.834146Z 0 [System] [MY-010116] [Server] C:\Program Files\MySQL\MySQL Server 8.0\bin\mysqld.exe (mysqld 8.0.29) starting as process 6560
2022-07-24T13:41:07.880372Z 1 [System] [MY-013576] [InnoDB] InnoDB initialization has started.
2022-07-24T13:41:08.107448Z 1 [System] [MY-013577] [InnoDB] InnoDB initialization has ended.
2022-07-24T13:41:08.358913Z 0 [Warning] [MY-010068] [Server] CA certificate ca.pem is self signed.
2022-07-24T13:41:08.359223Z 0 [System] [MY-013602] [Server] Channel mysql_main configured to support TLS. Encrypted connections are now supported for this channel.
2022-07-24T13:41:08.391074Z 0 [System] [MY-011323] [Server] X Plugin ready for connections. Bind-address: '::' port: 33060
2022-07-24T13:41:08.391160Z 0 [System] [MY-010931] [Server] C:\Program Files\MySQL\MySQL Server 8.0\bin\mysqld.exe: ready for connections. Version: '8.0.29'  socket: ''  port: 3306  MySQL Community Server - GPL.
2022-07-26T11:51:01.502854Z 0 [Warning] [MY-010915] [Server] 'NO_ZERO_DATE', 'NO_ZERO_IN_DATE' and 'ERROR_FOR_DIVISION_BY_ZERO' sql modes should be used with strict mode. They will be merged with strict mode in a future release.
2022-07-26T11:51:01.504282Z 0 [System] [MY-010116] [Server] C:\Program Files\MySQL\MySQL Server 8.0\bin\mysqld.exe (mysqld 8.0.29) starting as process 17164
2022-07-26T11:51:01.516393Z 1 [System] [MY-013576] [InnoDB] InnoDB initialization has started.
2022-07-26T11:51:01.988530Z 1 [System] [MY-013577] [InnoDB] InnoDB initialization has ended.
2022-07-26T11:51:02.192139Z 0 [System] [MY-010229] [Server] Starting XA crash recovery...
2022-07-26T11:51:02.197159Z 0 [System] [MY-010232] [Server] XA crash recovery finished.
2022-07-26T11:51:02.222287Z 0 [Warning] [MY-010068] [Server] CA certificate ca.pem is self signed.
2022-07-26T11:51:02.222576Z 0 [System] [MY-013602] [Server] Channel mysql_main configured to support TLS. Encrypted connections are now supported for this channel.
2022-07-26T11:51:02.243617Z 0 [System] [MY-011323] [Server] X Plugin ready for connections. Bind-address: '::' port: 33060
2022-07-26T11:51:02.243686Z 0 [System] [MY-010931] [Server] C:\Program Files\MySQL\MySQL Server 8.0\bin\mysqld.exe: ready for connections. Version: '8.0.29'  socket: ''  port: 3306  MySQL Community Server - GPL.
2022-07-27T21:32:47.772372Z 0 [Warning] [MY-010915] [Server] 'NO_ZERO_DATE', 'NO_ZERO_IN_DATE' and 'ERROR_FOR_DIVISION_BY_ZERO' sql modes should be used with strict mode. They will be merged with strict mode in a future release.
2022-07-27T21:32:47.774610Z 0 [System] [MY-010116] [Server] C:\Program Files\MySQL\MySQL Server 8.0\bin\mysqld.exe (mysqld 8.0.29) starting as process 3648
2022-07-27T21:32:47.801503Z 1 [System] [MY-013576] [InnoDB] InnoDB initialization has started.
2022-07-27T21:32:48.442405Z 1 [System] [MY-013577] [InnoDB] InnoDB initialization has ended.
2022-07-27T21:32:48.645161Z 0 [System] [MY-010229] [Server] Starting XA crash recovery...
2022-07-27T21:32:48.652551Z 0 [System] [MY-010232] [Server] XA crash recovery finished.
2022-07-27T21:32:48.676687Z 0 [Warning] [MY-010068] [Server] CA certificate ca.pem is self signed.
2022-07-27T21:32:48.677254Z 0 [System] [MY-013602] [Server] Channel mysql_main configured to support TLS. Encrypted connections are now supported for this channel.
2022-07-27T21:32:48.714721Z 0 [System] [MY-011323] [Server] X Plugin ready for connections. Bind-address: '::' port: 33060
2022-07-27T21:32:48.714841Z 0 [System] [MY-010931] [Server] C:\Program Files\MySQL\MySQL Server 8.0\bin\mysqld.exe: ready for connections. Version: '8.0.29'  socket: ''  port: 3306  MySQL Community Server - GPL.
2022-07-28T13:33:25.994218Z 0 [System] [MY-013105] [Server] C:\Program Files\MySQL\MySQL Server 8.0\bin\mysqld.exe: Normal shutdown.
2022-07-28T13:33:26.915774Z 0 [System] [MY-010910] [Server] C:\Program Files\MySQL\MySQL Server 8.0\bin\mysqld.exe: Shutdown complete (mysqld 8.0.29)  MySQL Community Server - GPL.
2022-07-28T13:33:38.090225Z 0 [Warning] [MY-010915] [Server] 'NO_ZERO_DATE', 'NO_ZERO_IN_DATE' and 'ERROR_FOR_DIVISION_BY_ZERO' sql modes should be used with strict mode. They will be merged with strict mode in a future release.
2022-07-28T13:33:38.091178Z 0 [Warning] [MY-010099] [Server] Insecure configuration for --secure-file-priv: Data directory is accessible through --secure-file-priv. Consider choosing a different directory.
2022-07-28T13:33:38.091242Z 0 [System] [MY-010116] [Server] C:\Program Files\MySQL\MySQL Server 8.0\bin\mysqld.exe (mysqld 8.0.29) starting as process 26664
2022-07-28T13:33:38.103409Z 1 [System] [MY-013576] [InnoDB] InnoDB initialization has started.
2022-07-28T13:33:38.277021Z 1 [System] [MY-013577] [InnoDB] InnoDB initialization has ended.
2022-07-28T13:33:38.408754Z 0 [Warning] [MY-010068] [Server] CA certificate ca.pem is self signed.
2022-07-28T13:33:38.409035Z 0 [System] [MY-013602] [Server] Channel mysql_main configured to support TLS. Encrypted connections are now supported for this channel.
2022-07-28T13:33:38.429607Z 0 [System] [MY-011323] [Server] X Plugin ready for connections. Bind-address: '::' port: 33060
2022-07-28T13:33:38.429704Z 0 [System] [MY-010931] [Server] C:\Program Files\MySQL\MySQL Server 8.0\bin\mysqld.exe: ready for connections. Version: '8.0.29'  socket: ''  port: 3306  MySQL Community Server - GPL.
2022-07-31T00:01:14.513095Z 0 [Warning] [MY-010915] [Server] 'NO_ZERO_DATE', 'NO_ZERO_IN_DATE' and 'ERROR_FOR_DIVISION_BY_ZERO' sql modes should be used with strict mode. They will be merged with strict mode in a future release.
2022-07-31T00:01:14.515554Z 0 [Warning] [MY-010099] [Server] Insecure configuration for --secure-file-priv: Data directory is accessible through --secure-file-priv. Consider choosing a different directory.
2022-07-31T00:01:14.516206Z 0 [System] [MY-010116] [Server] C:\Program Files\MySQL\MySQL Server 8.0\bin\mysqld.exe (mysqld 8.0.29) starting as process 7972
2022-07-31T00:01:14.566651Z 1 [System] [MY-013576] [InnoDB] InnoDB initialization has started.
2022-07-31T00:01:15.227913Z 1 [System] [MY-013577] [InnoDB] InnoDB initialization has ended.
2022-07-31T00:01:15.626536Z 0 [System] [MY-010229] [Server] Starting XA crash recovery...
2022-07-31T00:01:15.634461Z 0 [System] [MY-010232] [Server] XA crash recovery finished.
2022-07-31T00:01:15.747765Z 0 [Warning] [MY-010068] [Server] CA certificate ca.pem is self signed.
2022-07-31T00:01:15.748285Z 0 [System] [MY-013602] [Server] Channel mysql_main configured to support TLS. Encrypted connections are now supported for this channel.
2022-07-31T00:01:15.795869Z 0 [System] [MY-011323] [Server] X Plugin ready for connections. Bind-address: '::' port: 33060
2022-07-31T00:01:15.795888Z 0 [System] [MY-010931] [Server] C:\Program Files\MySQL\MySQL Server 8.0\bin\mysqld.exe: ready for connections. Version: '8.0.29'  socket: ''  port: 3306  MySQL Community Server - GPL.
2022-08-01T00:03:40.182866Z 0 [Warning] [MY-010915] [Server] 'NO_ZERO_DATE', 'NO_ZERO_IN_DATE' and 'ERROR_FOR_DIVISION_BY_ZERO' sql modes should be used with strict mode. They will be merged with strict mode in a future release.
2022-08-01T00:03:40.183973Z 0 [Warning] [MY-010099] [Server] Insecure configuration for --secure-file-priv: Data directory is accessible through --secure-file-priv. Consider choosing a different directory.
2022-08-01T00:03:40.184028Z 0 [System] [MY-010116] [Server] C:\Program Files\MySQL\MySQL Server 8.0\bin\mysqld.exe (mysqld 8.0.29) starting as process 13364
2022-08-01T00:03:40.195835Z 1 [System] [MY-013576] [InnoDB] InnoDB initialization has started.
2022-08-01T00:03:40.550845Z 1 [System] [MY-013577] [InnoDB] InnoDB initialization has ended.
2022-08-01T00:03:40.751070Z 0 [System] [MY-010229] [Server] Starting XA crash recovery...
2022-08-01T00:03:40.755255Z 0 [System] [MY-010232] [Server] XA crash recovery finished.
2022-08-01T00:03:40.785742Z 0 [Warning] [MY-010068] [Server] CA certificate ca.pem is self signed.
2022-08-01T00:03:40.786036Z 0 [System] [MY-013602] [Server] Channel mysql_main configured to support TLS. Encrypted connections are now supported for this channel.
2022-08-01T00:03:40.805957Z 0 [System] [MY-011323] [Server] X Plugin ready for connections. Bind-address: '::' port: 33060
2022-08-01T00:03:40.805974Z 0 [System] [MY-010931] [Server] C:\Program Files\MySQL\MySQL Server 8.0\bin\mysqld.exe: ready for connections. Version: '8.0.29'  socket: ''  port: 3306  MySQL Community Server - GPL.
2022-08-01T13:47:27.946379Z 0 [System] [MY-013105] [Server] C:\Program Files\MySQL\MySQL Server 8.0\bin\mysqld.exe: Normal shutdown.
2022-08-01T13:47:29.093367Z 0 [System] [MY-010910] [Server] C:\Program Files\MySQL\MySQL Server 8.0\bin\mysqld.exe: Shutdown complete (mysqld 8.0.29)  MySQL Community Server - GPL.
2022-08-01T13:47:29.565775Z 0 [Warning] [MY-010915] [Server] 'NO_ZERO_DATE', 'NO_ZERO_IN_DATE' and 'ERROR_FOR_DIVISION_BY_ZERO' sql modes should be used with strict mode. They will be merged with strict mode in a future release.
2022-08-01T13:47:29.567043Z 0 [Warning] [MY-010099] [Server] Insecure configuration for --secure-file-priv: Data directory is accessible through --secure-file-priv. Consider choosing a different directory.
2022-08-01T13:47:29.567099Z 0 [System] [MY-010116] [Server] C:\Program Files\MySQL\MySQL Server 8.0\bin\mysqld.exe (mysqld 8.0.29) starting as process 25136
2022-08-01T13:47:29.580015Z 1 [System] [MY-013576] [InnoDB] InnoDB initialization has started.
2022-08-01T13:47:29.785917Z 1 [System] [MY-013577] [InnoDB] InnoDB initialization has ended.
2022-08-01T13:47:29.988009Z 0 [Warning] [MY-010068] [Server] CA certificate ca.pem is self signed.
2022-08-01T13:47:29.988310Z 0 [System] [MY-013602] [Server] Channel mysql_main configured to support TLS. Encrypted connections are now supported for this channel.
2022-08-01T13:47:30.014109Z 0 [System] [MY-011323] [Server] X Plugin ready for connections. Bind-address: '::' port: 33060
2022-08-01T13:47:30.014225Z 0 [System] [MY-010931] [Server] C:\Program Files\MySQL\MySQL Server 8.0\bin\mysqld.exe: ready for connections. Version: '8.0.29'  socket: ''  port: 3306  MySQL Community Server - GPL.
2022-08-01T22:57:32.890886Z 0 [Warning] [MY-010915] [Server] 'NO_ZERO_DATE', 'NO_ZERO_IN_DATE' and 'ERROR_FOR_DIVISION_BY_ZERO' sql modes should be used with strict mode. They will be merged with strict mode in a future release.
2022-08-01T22:57:32.891916Z 0 [Warning] [MY-010099] [Server] Insecure configuration for --secure-file-priv: Data directory is accessible through --secure-file-priv. Consider choosing a different directory.
2022-08-01T22:57:32.891969Z 0 [System] [MY-010116] [Server] C:\Program Files\MySQL\MySQL Server 8.0\bin\mysqld.exe (mysqld 8.0.29) starting as process 25804
2022-08-01T22:57:32.904328Z 1 [System] [MY-013576] [InnoDB] InnoDB initialization has started.
2022-08-01T22:57:33.270713Z 1 [System] [MY-013577] [InnoDB] InnoDB initialization has ended.
2022-08-01T22:57:33.479730Z 0 [System] [MY-010229] [Server] Starting XA crash recovery...
2022-08-01T22:57:33.485496Z 0 [System] [MY-010232] [Server] XA crash recovery finished.
2022-08-01T22:57:33.511197Z 0 [Warning] [MY-010068] [Server] CA certificate ca.pem is self signed.
2022-08-01T22:57:33.511505Z 0 [System] [MY-013602] [Server] Channel mysql_main configured to support TLS. Encrypted connections are now supported for this channel.
2022-08-01T22:57:33.532039Z 0 [System] [MY-011323] [Server] X Plugin ready for connections. Bind-address: '::' port: 33060
2022-08-01T22:57:33.532054Z 0 [System] [MY-010931] [Server] C:\Program Files\MySQL\MySQL Server 8.0\bin\mysqld.exe: ready for connections. Version: '8.0.29'  socket: ''  port: 3306  MySQL Community Server - GPL.
2022-08-03T17:57:56.706208Z 0 [Warning] [MY-010915] [Server] 'NO_ZERO_DATE', 'NO_ZERO_IN_DATE' and 'ERROR_FOR_DIVISION_BY_ZERO' sql modes should be used with strict mode. They will be merged with strict mode in a future release.
2022-08-03T17:57:56.707366Z 0 [Warning] [MY-010099] [Server] Insecure configuration for --secure-file-priv: Data directory is accessible through --secure-file-priv. Consider choosing a different directory.
2022-08-03T17:57:56.707423Z 0 [System] [MY-010116] [Server] C:\Program Files\MySQL\MySQL Server 8.0\bin\mysqld.exe (mysqld 8.0.29) starting as process 1044
2022-08-03T17:57:56.720781Z 1 [System] [MY-013576] [InnoDB] InnoDB initialization has started.
2022-08-03T17:57:57.090942Z 1 [System] [MY-013577] [InnoDB] InnoDB initialization has ended.
2022-08-03T17:57:57.292472Z 0 [System] [MY-010229] [Server] Starting XA crash recovery...
2022-08-03T17:57:57.296715Z 0 [System] [MY-010232] [Server] XA crash recovery finished.
2022-08-03T17:57:57.387466Z 0 [Warning] [MY-010068] [Server] CA certificate ca.pem is self signed.
2022-08-03T17:57:57.387925Z 0 [System] [MY-013602] [Server] Channel mysql_main configured to support TLS. Encrypted connections are now supported for this channel.
2022-08-03T17:57:57.410597Z 0 [System] [MY-011323] [Server] X Plugin ready for connections. Bind-address: '::' port: 33060
2022-08-03T17:57:57.410670Z 0 [System] [MY-010931] [Server] C:\Program Files\MySQL\MySQL Server 8.0\bin\mysqld.exe: ready for connections. Version: '8.0.29'  socket: ''  port: 3306  MySQL Community Server - GPL.
2022-08-06T11:44:47.086237Z 0 [Warning] [MY-010915] [Server] 'NO_ZERO_DATE', 'NO_ZERO_IN_DATE' and 'ERROR_FOR_DIVISION_BY_ZERO' sql modes should be used with strict mode. They will be merged with strict mode in a future release.
2022-08-06T11:44:47.087753Z 0 [Warning] [MY-010099] [Server] Insecure configuration for --secure-file-priv: Data directory is accessible through --secure-file-priv. Consider choosing a different directory.
2022-08-06T11:44:47.087987Z 0 [System] [MY-010116] [Server] C:\Program Files\MySQL\MySQL Server 8.0\bin\mysqld.exe (mysqld 8.0.29) starting as process 6936
2022-08-06T11:44:47.109336Z 1 [System] [MY-013576] [InnoDB] InnoDB initialization has started.
2022-08-06T11:44:47.528765Z 1 [System] [MY-013577] [InnoDB] InnoDB initialization has ended.
2022-08-06T11:44:47.698640Z 0 [System] [MY-010229] [Server] Starting XA crash recovery...
2022-08-06T11:44:47.703152Z 0 [System] [MY-010232] [Server] XA crash recovery finished.
2022-08-06T11:44:47.785950Z 0 [Warning] [MY-010068] [Server] CA certificate ca.pem is self signed.
2022-08-06T11:44:47.786336Z 0 [System] [MY-013602] [Server] Channel mysql_main configured to support TLS. Encrypted connections are now supported for this channel.
2022-08-06T11:44:47.817015Z 0 [System] [MY-011323] [Server] X Plugin ready for connections. Bind-address: '::' port: 33060
2022-08-06T11:44:47.817119Z 0 [System] [MY-010931] [Server] C:\Program Files\MySQL\MySQL Server 8.0\bin\mysqld.exe: ready for connections. Version: '8.0.29'  socket: ''  port: 3306  MySQL Community Server - GPL.
2022-08-07T19:51:30.302171Z 0 [Warning] [MY-010915] [Server] 'NO_ZERO_DATE', 'NO_ZERO_IN_DATE' and 'ERROR_FOR_DIVISION_BY_ZERO' sql modes should be used with strict mode. They will be merged with strict mode in a future release.
2022-08-07T19:51:30.303828Z 0 [Warning] [MY-010099] [Server] Insecure configuration for --secure-file-priv: Data directory is accessible through --secure-file-priv. Consider choosing a different directory.
2022-08-07T19:51:30.304052Z 0 [System] [MY-010116] [Server] C:\Program Files\MySQL\MySQL Server 8.0\bin\mysqld.exe (mysqld 8.0.29) starting as process 6976
2022-08-07T19:51:30.331099Z 1 [System] [MY-013576] [InnoDB] InnoDB initialization has started.
2022-08-07T19:51:30.850121Z 1 [System] [MY-013577] [InnoDB] InnoDB initialization has ended.
2022-08-07T19:51:30.966620Z 0 [System] [MY-010229] [Server] Starting XA crash recovery...
2022-08-07T19:51:30.970610Z 0 [System] [MY-010232] [Server] XA crash recovery finished.
2022-08-07T19:51:31.066578Z 0 [Warning] [MY-010068] [Server] CA certificate ca.pem is self signed.
2022-08-07T19:51:31.067000Z 0 [System] [MY-013602] [Server] Channel mysql_main configured to support TLS. Encrypted connections are now supported for this channel.
2022-08-07T19:51:31.094148Z 0 [System] [MY-011323] [Server] X Plugin ready for connections. Bind-address: '::' port: 33060
2022-08-07T19:51:31.094243Z 0 [System] [MY-010931] [Server] C:\Program Files\MySQL\MySQL Server 8.0\bin\mysqld.exe: ready for connections. Version: '8.0.29'  socket: ''  port: 3306  MySQL Community Server - GPL.
2022-08-07T20:54:57.015256Z 0 [System] [MY-013105] [Server] C:\Program Files\MySQL\MySQL Server 8.0\bin\mysqld.exe: Normal shutdown.
2022-08-07T20:54:58.240636Z 0 [System] [MY-010910] [Server] C:\Program Files\MySQL\MySQL Server 8.0\bin\mysqld.exe: Shutdown complete (mysqld 8.0.29)  MySQL Community Server - GPL.
2022-08-07T20:55:30.432161Z 0 [Warning] [MY-010915] [Server] 'NO_ZERO_DATE', 'NO_ZERO_IN_DATE' and 'ERROR_FOR_DIVISION_BY_ZERO' sql modes should be used with strict mode. They will be merged with strict mode in a future release.
2022-08-07T20:55:30.434678Z 0 [Warning] [MY-010099] [Server] Insecure configuration for --secure-file-priv: Data directory is accessible through --secure-file-priv. Consider choosing a different directory.
2022-08-07T20:55:30.434921Z 0 [System] [MY-010116] [Server] C:\Program Files\MySQL\MySQL Server 8.0\bin\mysqld.exe (mysqld 8.0.29) starting as process 6356
2022-08-07T20:55:30.459233Z 1 [System] [MY-013576] [InnoDB] InnoDB initialization has started.
2022-08-07T20:55:30.683240Z 1 [System] [MY-013577] [InnoDB] InnoDB initialization has ended.
2022-08-07T20:55:30.891746Z 0 [Warning] [MY-010068] [Server] CA certificate ca.pem is self signed.
2022-08-07T20:55:30.892044Z 0 [System] [MY-013602] [Server] Channel mysql_main configured to support TLS. Encrypted connections are now supported for this channel.
2022-08-07T20:55:30.918203Z 0 [System] [MY-011323] [Server] X Plugin ready for connections. Bind-address: '::' port: 33060
2022-08-07T20:55:30.918276Z 0 [System] [MY-010931] [Server] C:\Program Files\MySQL\MySQL Server 8.0\bin\mysqld.exe: ready for connections. Version: '8.0.29'  socket: ''  port: 3306  MySQL Community Server - GPL.
2022-08-07T22:13:09.012725Z 0 [Warning] [MY-010915] [Server] 'NO_ZERO_DATE', 'NO_ZERO_IN_DATE' and 'ERROR_FOR_DIVISION_BY_ZERO' sql modes should be used with strict mode. They will be merged with strict mode in a future release.
2022-08-07T22:13:09.014398Z 0 [Warning] [MY-010099] [Server] Insecure configuration for --secure-file-priv: Data directory is accessible through --secure-file-priv. Consider choosing a different directory.
2022-08-07T22:13:09.014672Z 0 [System] [MY-010116] [Server] C:\Program Files\MySQL\MySQL Server 8.0\bin\mysqld.exe (mysqld 8.0.29) starting as process 6484
2022-08-07T22:13:09.051103Z 1 [System] [MY-013576] [InnoDB] InnoDB initialization has started.
2022-08-07T22:13:09.527612Z 1 [System] [MY-013577] [InnoDB] InnoDB initialization has ended.
2022-08-07T22:13:09.663745Z 0 [System] [MY-010229] [Server] Starting XA crash recovery...
2022-08-07T22:13:09.668831Z 0 [System] [MY-010232] [Server] XA crash recovery finished.
2022-08-07T22:13:09.768536Z 0 [Warning] [MY-010068] [Server] CA certificate ca.pem is self signed.
2022-08-07T22:13:09.768953Z 0 [System] [MY-013602] [Server] Channel mysql_main configured to support TLS. Encrypted connections are now supported for this channel.
2022-08-07T22:13:09.796973Z 0 [System] [MY-011323] [Server] X Plugin ready for connections. Bind-address: '::' port: 33060
2022-08-07T22:13:09.797071Z 0 [System] [MY-010931] [Server] C:\Program Files\MySQL\MySQL Server 8.0\bin\mysqld.exe: ready for connections. Version: '8.0.29'  socket: ''  port: 3306  MySQL Community Server - GPL.
2022-08-07T22:52:41.732528Z 0 [System] [MY-013105] [Server] C:\Program Files\MySQL\MySQL Server 8.0\bin\mysqld.exe: Normal shutdown.
2022-08-07T22:52:43.042301Z 0 [System] [MY-010910] [Server] C:\Program Files\MySQL\MySQL Server 8.0\bin\mysqld.exe: Shutdown complete (mysqld 8.0.29)  MySQL Community Server - GPL.
2022-08-07T22:53:14.866755Z 0 [Warning] [MY-010915] [Server] 'NO_ZERO_DATE', 'NO_ZERO_IN_DATE' and 'ERROR_FOR_DIVISION_BY_ZERO' sql modes should be used with strict mode. They will be merged with strict mode in a future release.
2022-08-07T22:53:14.868282Z 0 [Warning] [MY-010099] [Server] Insecure configuration for --secure-file-priv: Data directory is accessible through --secure-file-priv. Consider choosing a different directory.
2022-08-07T22:53:14.868454Z 0 [System] [MY-010116] [Server] C:\Program Files\MySQL\MySQL Server 8.0\bin\mysqld.exe (mysqld 8.0.29) starting as process 6248
2022-08-07T22:53:14.892581Z 1 [System] [MY-013576] [InnoDB] InnoDB initialization has started.
2022-08-07T22:53:15.136946Z 1 [System] [MY-013577] [InnoDB] InnoDB initialization has ended.
2022-08-07T22:53:15.373262Z 0 [Warning] [MY-010068] [Server] CA certificate ca.pem is self signed.
2022-08-07T22:53:15.373538Z 0 [System] [MY-013602] [Server] Channel mysql_main configured to support TLS. Encrypted connections are now supported for this channel.
2022-08-07T22:53:15.396059Z 0 [System] [MY-011323] [Server] X Plugin ready for connections. Bind-address: '::' port: 33060
2022-08-07T22:53:15.396130Z 0 [System] [MY-010931] [Server] C:\Program Files\MySQL\MySQL Server 8.0\bin\mysqld.exe: ready for connections. Version: '8.0.29'  socket: ''  port: 3306  MySQL Community Server - GPL.
2022-08-08T10:53:52.538075Z 0 [Warning] [MY-010915] [Server] 'NO_ZERO_DATE', 'NO_ZERO_IN_DATE' and 'ERROR_FOR_DIVISION_BY_ZERO' sql modes should be used with strict mode. They will be merged with strict mode in a future release.
2022-08-08T10:53:52.539122Z 0 [Warning] [MY-010099] [Server] Insecure configuration for --secure-file-priv: Data directory is accessible through --secure-file-priv. Consider choosing a different directory.
2022-08-08T10:53:52.539177Z 0 [System] [MY-010116] [Server] C:\Program Files\MySQL\MySQL Server 8.0\bin\mysqld.exe (mysqld 8.0.29) starting as process 21048
2022-08-08T10:53:52.553410Z 1 [System] [MY-013576] [InnoDB] InnoDB initialization has started.
2022-08-08T10:53:52.929601Z 1 [System] [MY-013577] [InnoDB] InnoDB initialization has ended.
2022-08-08T10:53:53.040372Z 0 [System] [MY-010229] [Server] Starting XA crash recovery...
2022-08-08T10:53:53.044597Z 0 [System] [MY-010232] [Server] XA crash recovery finished.
2022-08-08T10:53:53.066999Z 0 [Warning] [MY-010068] [Server] CA certificate ca.pem is self signed.
2022-08-08T10:53:53.067306Z 0 [System] [MY-013602] [Server] Channel mysql_main configured to support TLS. Encrypted connections are now supported for this channel.
2022-08-08T10:53:53.088243Z 0 [System] [MY-011323] [Server] X Plugin ready for connections. Bind-address: '::' port: 33060
2022-08-08T10:53:53.088315Z 0 [System] [MY-010931] [Server] C:\Program Files\MySQL\MySQL Server 8.0\bin\mysqld.exe: ready for connections. Version: '8.0.29'  socket: ''  port: 3306  MySQL Community Server - GPL.
2022-08-08T11:30:32.046098Z 0 [System] [MY-013105] [Server] C:\Program Files\MySQL\MySQL Server 8.0\bin\mysqld.exe: Normal shutdown.
2022-08-08T11:30:34.051637Z 0 [Warning] [MY-010909] [Server] C:\Program Files\MySQL\MySQL Server 8.0\bin\mysqld.exe: Forcing close of thread 26  user: 'root'.
2022-08-08T11:30:34.603156Z 0 [System] [MY-010910] [Server] C:\Program Files\MySQL\MySQL Server 8.0\bin\mysqld.exe: Shutdown complete (mysqld 8.0.29)  MySQL Community Server - GPL.
2022-08-08T11:30:35.235196Z 0 [Warning] [MY-010915] [Server] 'NO_ZERO_DATE', 'NO_ZERO_IN_DATE' and 'ERROR_FOR_DIVISION_BY_ZERO' sql modes should be used with strict mode. They will be merged with strict mode in a future release.
2022-08-08T11:30:35.236097Z 0 [Warning] [MY-010099] [Server] Insecure configuration for --secure-file-priv: Data directory is accessible through --secure-file-priv. Consider choosing a different directory.
2022-08-08T11:30:35.236153Z 0 [System] [MY-010116] [Server] C:\Program Files\MySQL\MySQL Server 8.0\bin\mysqld.exe (mysqld 8.0.29) starting as process 23036
2022-08-08T11:30:35.246028Z 1 [System] [MY-013576] [InnoDB] InnoDB initialization has started.
2022-08-08T11:30:35.411375Z 1 [System] [MY-013577] [InnoDB] InnoDB initialization has ended.
2022-08-08T11:30:35.542914Z 0 [Warning] [MY-010068] [Server] CA certificate ca.pem is self signed.
2022-08-08T11:30:35.543193Z 0 [System] [MY-013602] [Server] Channel mysql_main configured to support TLS. Encrypted connections are now supported for this channel.
2022-08-08T11:30:35.563259Z 0 [System] [MY-011323] [Server] X Plugin ready for connections. Bind-address: '::' port: 33060
2022-08-08T11:30:35.563331Z 0 [System] [MY-010931] [Server] C:\Program Files\MySQL\MySQL Server 8.0\bin\mysqld.exe: ready for connections. Version: '8.0.29'  socket: ''  port: 3306  MySQL Community Server - GPL.
2022-08-10T12:59:37.399312Z 0 [Warning] [MY-010915] [Server] 'NO_ZERO_DATE', 'NO_ZERO_IN_DATE' and 'ERROR_FOR_DIVISION_BY_ZERO' sql modes should be used with strict mode. They will be merged with strict mode in a future release.
2022-08-10T12:59:37.400498Z 0 [Warning] [MY-010099] [Server] Insecure configuration for --secure-file-priv: Data directory is accessible through --secure-file-priv. Consider choosing a different directory.
2022-08-10T12:59:37.400566Z 0 [System] [MY-010116] [Server] C:\Program Files\MySQL\MySQL Server 8.0\bin\mysqld.exe (mysqld 8.0.29) starting as process 14280
2022-08-10T12:59:37.411935Z 1 [System] [MY-013576] [InnoDB] InnoDB initialization has started.
2022-08-10T12:59:37.758666Z 1 [System] [MY-013577] [InnoDB] InnoDB initialization has ended.
2022-08-10T12:59:37.963185Z 0 [System] [MY-010229] [Server] Starting XA crash recovery...
2022-08-10T12:59:37.967015Z 0 [System] [MY-010232] [Server] XA crash recovery finished.
2022-08-10T12:59:37.992297Z 0 [Warning] [MY-010068] [Server] CA certificate ca.pem is self signed.
2022-08-10T12:59:37.992576Z 0 [System] [MY-013602] [Server] Channel mysql_main configured to support TLS. Encrypted connections are now supported for this channel.
2022-08-10T12:59:38.012219Z 0 [System] [MY-011323] [Server] X Plugin ready for connections. Bind-address: '::' port: 33060
2022-08-10T12:59:38.012235Z 0 [System] [MY-010931] [Server] C:\Program Files\MySQL\MySQL Server 8.0\bin\mysqld.exe: ready for connections. Version: '8.0.29'  socket: ''  port: 3306  MySQL Community Server - GPL.
2022-08-11T11:49:11.312219Z 160 [Warning] [MY-013360] [Server] Plugin sha256_password reported: ''sha256_password' is deprecated and will be removed in a future release. Please use caching_sha2_password instead'
2022-08-11T11:50:31.828302Z 164 [Warning] [MY-013360] [Server] Plugin sha256_password reported: ''sha256_password' is deprecated and will be removed in a future release. Please use caching_sha2_password instead'
2022-08-13T09:01:59.934994Z 0 [System] [MY-013105] [Server] C:\Program Files\MySQL\MySQL Server 8.0\bin\mysqld.exe: Normal shutdown.
2022-08-13T09:02:36.520875Z 0 [Warning] [MY-010915] [Server] 'NO_ZERO_DATE', 'NO_ZERO_IN_DATE' and 'ERROR_FOR_DIVISION_BY_ZERO' sql modes should be used with strict mode. They will be merged with strict mode in a future release.
2022-08-13T09:02:36.522158Z 0 [Warning] [MY-010099] [Server] Insecure configuration for --secure-file-priv: Data directory is accessible through --secure-file-priv. Consider choosing a different directory.
2022-08-13T09:02:36.522328Z 0 [System] [MY-010116] [Server] C:\Program Files\MySQL\MySQL Server 8.0\bin\mysqld.exe (mysqld 8.0.29) starting as process 4864
2022-08-13T09:02:36.538039Z 1 [System] [MY-013576] [InnoDB] InnoDB initialization has started.
2022-08-13T09:02:37.010255Z 1 [System] [MY-013577] [InnoDB] InnoDB initialization has ended.
2022-08-13T09:02:37.227158Z 0 [Warning] [MY-010068] [Server] CA certificate ca.pem is self signed.
2022-08-13T09:02:37.227570Z 0 [System] [MY-013602] [Server] Channel mysql_main configured to support TLS. Encrypted connections are now supported for this channel.
2022-08-13T09:02:37.258717Z 0 [System] [MY-011323] [Server] X Plugin ready for connections. Bind-address: '::' port: 33060
2022-08-13T09:02:37.258795Z 0 [System] [MY-010931] [Server] C:\Program Files\MySQL\MySQL Server 8.0\bin\mysqld.exe: ready for connections. Version: '8.0.29'  socket: ''  port: 3306  MySQL Community Server - GPL.
2022-08-14T18:17:57.371948Z 0 [System] [MY-013105] [Server] C:\Program Files\MySQL\MySQL Server 8.0\bin\mysqld.exe: Normal shutdown.
2022-08-14T18:17:58.664517Z 0 [System] [MY-010910] [Server] C:\Program Files\MySQL\MySQL Server 8.0\bin\mysqld.exe: Shutdown complete (mysqld 8.0.29)  MySQL Community Server - GPL.
2022-08-14T18:18:34.199432Z 0 [Warning] [MY-010915] [Server] 'NO_ZERO_DATE', 'NO_ZERO_IN_DATE' and 'ERROR_FOR_DIVISION_BY_ZERO' sql modes should be used with strict mode. They will be merged with strict mode in a future release.
2022-08-14T18:18:34.200872Z 0 [Warning] [MY-010099] [Server] Insecure configuration for --secure-file-priv: Data directory is accessible through --secure-file-priv. Consider choosing a different directory.
2022-08-14T18:18:34.201050Z 0 [System] [MY-010116] [Server] C:\Program Files\MySQL\MySQL Server 8.0\bin\mysqld.exe (mysqld 8.0.29) starting as process 6836
2022-08-14T18:18:34.222293Z 1 [System] [MY-013576] [InnoDB] InnoDB initialization has started.
2022-08-14T18:18:34.470950Z 1 [System] [MY-013577] [InnoDB] InnoDB initialization has ended.
2022-08-14T18:18:34.671103Z 0 [Warning] [MY-010068] [Server] CA certificate ca.pem is self signed.
2022-08-14T18:18:34.671541Z 0 [System] [MY-013602] [Server] Channel mysql_main configured to support TLS. Encrypted connections are now supported for this channel.
2022-08-14T18:18:34.705580Z 0 [System] [MY-011323] [Server] X Plugin ready for connections. Bind-address: '::' port: 33060
2022-08-14T18:18:34.705707Z 0 [System] [MY-010931] [Server] C:\Program Files\MySQL\MySQL Server 8.0\bin\mysqld.exe: ready for connections. Version: '8.0.29'  socket: ''  port: 3306  MySQL Community Server - GPL.
2022-08-14T18:18:59.970066Z 0 [System] [MY-013105] [Server] C:\Program Files\MySQL\MySQL Server 8.0\bin\mysqld.exe: Normal shutdown.
2022-08-14T18:19:01.046488Z 0 [System] [MY-010910] [Server] C:\Program Files\MySQL\MySQL Server 8.0\bin\mysqld.exe: Shutdown complete (mysqld 8.0.29)  MySQL Community Server - GPL.
2022-08-14T18:25:31.271867Z 0 [Warning] [MY-010915] [Server] 'NO_ZERO_DATE', 'NO_ZERO_IN_DATE' and 'ERROR_FOR_DIVISION_BY_ZERO' sql modes should be used with strict mode. They will be merged with strict mode in a future release.
2022-08-14T18:25:31.273650Z 0 [Warning] [MY-010099] [Server] Insecure configuration for --secure-file-priv: Data directory is accessible through --secure-file-priv. Consider choosing a different directory.
2022-08-14T18:25:31.273930Z 0 [System] [MY-010116] [Server] C:\Program Files\MySQL\MySQL Server 8.0\bin\mysqld.exe (mysqld 8.0.29) starting as process 5852
2022-08-14T18:25:31.303128Z 1 [System] [MY-013576] [InnoDB] InnoDB initialization has started.
2022-08-14T18:25:31.613979Z 1 [System] [MY-013577] [InnoDB] InnoDB initialization has ended.
2022-08-14T18:25:31.841723Z 0 [Warning] [MY-010068] [Server] CA certificate ca.pem is self signed.
2022-08-14T18:25:31.842030Z 0 [System] [MY-013602] [Server] Channel mysql_main configured to support TLS. Encrypted connections are now supported for this channel.
2022-08-14T18:25:31.868163Z 0 [System] [MY-011323] [Server] X Plugin ready for connections. Bind-address: '::' port: 33060
2022-08-14T18:25:31.868231Z 0 [System] [MY-010931] [Server] C:\Program Files\MySQL\MySQL Server 8.0\bin\mysqld.exe: ready for connections. Version: '8.0.29'  socket: ''  port: 3306  MySQL Community Server - GPL.
2022-08-14T18:25:55.990561Z 0 [System] [MY-013105] [Server] C:\Program Files\MySQL\MySQL Server 8.0\bin\mysqld.exe: Normal shutdown.
2022-08-14T18:25:57.130204Z 0 [System] [MY-010910] [Server] C:\Program Files\MySQL\MySQL Server 8.0\bin\mysqld.exe: Shutdown complete (mysqld 8.0.29)  MySQL Community Server - GPL.
2022-08-14T18:26:27.700877Z 0 [Warning] [MY-010915] [Server] 'NO_ZERO_DATE', 'NO_ZERO_IN_DATE' and 'ERROR_FOR_DIVISION_BY_ZERO' sql modes should be used with strict mode. They will be merged with strict mode in a future release.
2022-08-14T18:26:27.708495Z 0 [Warning] [MY-010099] [Server] Insecure configuration for --secure-file-priv: Data directory is accessible through --secure-file-priv. Consider choosing a different directory.
2022-08-14T18:26:27.708760Z 0 [System] [MY-010116] [Server] C:\Program Files\MySQL\MySQL Server 8.0\bin\mysqld.exe (mysqld 8.0.29) starting as process 6480
2022-08-14T18:26:27.755523Z 1 [System] [MY-013576] [InnoDB] InnoDB initialization has started.
2022-08-14T18:26:28.065132Z 1 [System] [MY-013577] [InnoDB] InnoDB initialization has ended.
2022-08-14T18:26:28.377372Z 0 [Warning] [MY-010068] [Server] CA certificate ca.pem is self signed.
2022-08-14T18:26:28.377902Z 0 [System] [MY-013602] [Server] Channel mysql_main configured to support TLS. Encrypted connections are now supported for this channel.
2022-08-14T18:26:28.405370Z 0 [System] [MY-011323] [Server] X Plugin ready for connections. Bind-address: '::' port: 33060
2022-08-14T18:26:28.405468Z 0 [System] [MY-010931] [Server] C:\Program Files\MySQL\MySQL Server 8.0\bin\mysqld.exe: ready for connections. Version: '8.0.29'  socket: ''  port: 3306  MySQL Community Server - GPL.
2022-08-14T18:27:54.614964Z 0 [System] [MY-013105] [Server] C:\Program Files\MySQL\MySQL Server 8.0\bin\mysqld.exe: Normal shutdown.
2022-08-14T18:27:55.307344Z 0 [System] [MY-010910] [Server] C:\Program Files\MySQL\MySQL Server 8.0\bin\mysqld.exe: Shutdown complete (mysqld 8.0.29)  MySQL Community Server - GPL.
2022-08-14T18:32:32.380783Z 0 [Warning] [MY-010915] [Server] 'NO_ZERO_DATE', 'NO_ZERO_IN_DATE' and 'ERROR_FOR_DIVISION_BY_ZERO' sql modes should be used with strict mode. They will be merged with strict mode in a future release.
2022-08-14T18:32:32.382288Z 0 [Warning] [MY-010099] [Server] Insecure configuration for --secure-file-priv: Data directory is accessible through --secure-file-priv. Consider choosing a different directory.
2022-08-14T18:32:32.382497Z 0 [System] [MY-010116] [Server] C:\Program Files\MySQL\MySQL Server 8.0\bin\mysqld.exe (mysqld 8.0.29) starting as process 6696
2022-08-14T18:32:32.409121Z 1 [System] [MY-013576] [InnoDB] InnoDB initialization has started.
2022-08-14T18:32:32.652734Z 1 [System] [MY-013577] [InnoDB] InnoDB initialization has ended.
2022-08-14T18:32:32.870987Z 0 [Warning] [MY-010068] [Server] CA certificate ca.pem is self signed.
2022-08-14T18:32:32.871429Z 0 [System] [MY-013602] [Server] Channel mysql_main configured to support TLS. Encrypted connections are now supported for this channel.
2022-08-14T18:32:32.914113Z 0 [System] [MY-011323] [Server] X Plugin ready for connections. Bind-address: '::' port: 33060
2022-08-14T18:32:32.914257Z 0 [System] [MY-010931] [Server] C:\Program Files\MySQL\MySQL Server 8.0\bin\mysqld.exe: ready for connections. Version: '8.0.29'  socket: ''  port: 3306  MySQL Community Server - GPL.
2022-08-14T18:35:42.187887Z 0 [Warning] [MY-010915] [Server] 'NO_ZERO_DATE', 'NO_ZERO_IN_DATE' and 'ERROR_FOR_DIVISION_BY_ZERO' sql modes should be used with strict mode. They will be merged with strict mode in a future release.
2022-08-14T18:35:42.189214Z 0 [Warning] [MY-010099] [Server] Insecure configuration for --secure-file-priv: Data directory is accessible through --secure-file-priv. Consider choosing a different directory.
2022-08-14T18:35:42.189319Z 0 [System] [MY-010116] [Server] C:\Program Files\MySQL\MySQL Server 8.0\bin\mysqld.exe (mysqld 8.0.29) starting as process 6192
2022-08-14T18:35:42.201413Z 1 [System] [MY-013576] [InnoDB] InnoDB initialization has started.
2022-08-14T18:35:42.607087Z 1 [System] [MY-013577] [InnoDB] InnoDB initialization has ended.
2022-08-14T18:35:42.898817Z 0 [System] [MY-010229] [Server] Starting XA crash recovery...
2022-08-14T18:35:42.904734Z 0 [System] [MY-010232] [Server] XA crash recovery finished.
2022-08-14T18:35:42.933914Z 0 [Warning] [MY-010068] [Server] CA certificate ca.pem is self signed.
2022-08-14T18:35:42.934354Z 0 [System] [MY-013602] [Server] Channel mysql_main configured to support TLS. Encrypted connections are now supported for this channel.
2022-08-14T18:35:42.965140Z 0 [System] [MY-011323] [Server] X Plugin ready for connections. Bind-address: '::' port: 33060
2022-08-14T18:35:42.965273Z 0 [System] [MY-010931] [Server] C:\Program Files\MySQL\MySQL Server 8.0\bin\mysqld.exe: ready for connections. Version: '8.0.29'  socket: ''  port: 3306  MySQL Community Server - GPL.
2022-08-14T18:51:11.226444Z 0 [System] [MY-013105] [Server] C:\Program Files\MySQL\MySQL Server 8.0\bin\mysqld.exe: Normal shutdown.
2022-08-14T18:51:11.658983Z 0 [System] [MY-010910] [Server] C:\Program Files\MySQL\MySQL Server 8.0\bin\mysqld.exe: Shutdown complete (mysqld 8.0.29)  MySQL Community Server - GPL.
2022-08-14T17:54:47.366257Z 0 [Warning] [MY-010915] [Server] 'NO_ZERO_DATE', 'NO_ZERO_IN_DATE' and 'ERROR_FOR_DIVISION_BY_ZERO' sql modes should be used with strict mode. They will be merged with strict mode in a future release.
2022-08-14T17:54:47.368755Z 0 [Warning] [MY-010099] [Server] Insecure configuration for --secure-file-priv: Data directory is accessible through --secure-file-priv. Consider choosing a different directory.
2022-08-14T17:54:47.368977Z 0 [System] [MY-010116] [Server] C:\Program Files\MySQL\MySQL Server 8.0\bin\mysqld.exe (mysqld 8.0.29) starting as process 6308
2022-08-14T17:54:47.401159Z 1 [System] [MY-013576] [InnoDB] InnoDB initialization has started.
2022-08-14T17:54:47.724224Z 1 [System] [MY-013577] [InnoDB] InnoDB initialization has ended.
2022-08-14T17:54:47.989525Z 0 [Warning] [MY-010068] [Server] CA certificate ca.pem is self signed.
2022-08-14T17:54:47.989892Z 0 [System] [MY-013602] [Server] Channel mysql_main configured to support TLS. Encrypted connections are now supported for this channel.
2022-08-14T17:54:48.020255Z 0 [System] [MY-011323] [Server] X Plugin ready for connections. Bind-address: '::' port: 33060
2022-08-14T17:54:48.020335Z 0 [System] [MY-010931] [Server] C:\Program Files\MySQL\MySQL Server 8.0\bin\mysqld.exe: ready for connections. Version: '8.0.29'  socket: ''  port: 3306  MySQL Community Server - GPL.
2022-08-15T15:15:24.325093Z 0 [System] [MY-013105] [Server] C:\Program Files\MySQL\MySQL Server 8.0\bin\mysqld.exe: Normal shutdown.
2022-08-15T15:15:25.126586Z 0 [System] [MY-010910] [Server] C:\Program Files\MySQL\MySQL Server 8.0\bin\mysqld.exe: Shutdown complete (mysqld 8.0.29)  MySQL Community Server - GPL.
2022-08-15T15:16:33.801142Z 0 [Warning] [MY-010915] [Server] 'NO_ZERO_DATE', 'NO_ZERO_IN_DATE' and 'ERROR_FOR_DIVISION_BY_ZERO' sql modes should be used with strict mode. They will be merged with strict mode in a future release.
2022-08-15T15:16:33.805487Z 0 [Warning] [MY-010099] [Server] Insecure configuration for --secure-file-priv: Data directory is accessible through --secure-file-priv. Consider choosing a different directory.
2022-08-15T15:16:33.805966Z 0 [System] [MY-010116] [Server] C:\Program Files\MySQL\MySQL Server 8.0\bin\mysqld.exe (mysqld 8.0.29) starting as process 6124
2022-08-15T15:16:33.835736Z 1 [System] [MY-013576] [InnoDB] InnoDB initialization has started.
2022-08-15T15:16:34.069658Z 1 [System] [MY-013577] [InnoDB] InnoDB initialization has ended.
2022-08-15T15:16:34.305309Z 0 [Warning] [MY-010068] [Server] CA certificate ca.pem is self signed.
2022-08-15T15:16:34.305607Z 0 [System] [MY-013602] [Server] Channel mysql_main configured to support TLS. Encrypted connections are now supported for this channel.
2022-08-15T15:16:34.333409Z 0 [System] [MY-011323] [Server] X Plugin ready for connections. Bind-address: '::' port: 33060
2022-08-15T15:16:34.333507Z 0 [System] [MY-010931] [Server] C:\Program Files\MySQL\MySQL Server 8.0\bin\mysqld.exe: ready for connections. Version: '8.0.29'  socket: ''  port: 3306  MySQL Community Server - GPL.
2022-08-17T20:11:36.600072Z 0 [System] [MY-013105] [Server] C:\Program Files\MySQL\MySQL Server 8.0\bin\mysqld.exe: Normal shutdown.
2022-08-17T20:11:37.753040Z 0 [System] [MY-010910] [Server] C:\Program Files\MySQL\MySQL Server 8.0\bin\mysqld.exe: Shutdown complete (mysqld 8.0.29)  MySQL Community Server - GPL.
2022-08-17T20:12:14.729558Z 0 [Warning] [MY-010915] [Server] 'NO_ZERO_DATE', 'NO_ZERO_IN_DATE' and 'ERROR_FOR_DIVISION_BY_ZERO' sql modes should be used with strict mode. They will be merged with strict mode in a future release.
2022-08-17T20:12:14.731953Z 0 [Warning] [MY-010099] [Server] Insecure configuration for --secure-file-priv: Data directory is accessible through --secure-file-priv. Consider choosing a different directory.
2022-08-17T20:12:14.732259Z 0 [System] [MY-010116] [Server] C:\Program Files\MySQL\MySQL Server 8.0\bin\mysqld.exe (mysqld 8.0.29) starting as process 5888
2022-08-17T20:12:14.767913Z 1 [System] [MY-013576] [InnoDB] InnoDB initialization has started.
2022-08-17T20:12:14.987003Z 1 [System] [MY-013577] [InnoDB] InnoDB initialization has ended.
2022-08-17T20:12:15.152131Z 0 [Warning] [MY-010068] [Server] CA certificate ca.pem is self signed.
2022-08-17T20:12:15.152397Z 0 [System] [MY-013602] [Server] Channel mysql_main configured to support TLS. Encrypted connections are now supported for this channel.
2022-08-17T20:12:15.177633Z 0 [System] [MY-011323] [Server] X Plugin ready for connections. Bind-address: '::' port: 33060
2022-08-17T20:12:15.177697Z 0 [System] [MY-010931] [Server] C:\Program Files\MySQL\MySQL Server 8.0\bin\mysqld.exe: ready for connections. Version: '8.0.29'  socket: ''  port: 3306  MySQL Community Server - GPL.
2022-08-18T12:04:21.753245Z 0 [Warning] [MY-010915] [Server] 'NO_ZERO_DATE', 'NO_ZERO_IN_DATE' and 'ERROR_FOR_DIVISION_BY_ZERO' sql modes should be used with strict mode. They will be merged with strict mode in a future release.
2022-08-18T12:04:21.754691Z 0 [Warning] [MY-010099] [Server] Insecure configuration for --secure-file-priv: Data directory is accessible through --secure-file-priv. Consider choosing a different directory.
2022-08-18T12:04:21.754887Z 0 [System] [MY-010116] [Server] C:\Program Files\MySQL\MySQL Server 8.0\bin\mysqld.exe (mysqld 8.0.29) starting as process 5836
2022-08-18T12:04:21.772568Z 1 [System] [MY-013576] [InnoDB] InnoDB initialization has started.
2022-08-18T12:04:22.327357Z 1 [System] [MY-013577] [InnoDB] InnoDB initialization has ended.
2022-08-18T12:04:22.490392Z 0 [System] [MY-010229] [Server] Starting XA crash recovery...
2022-08-18T12:04:22.496440Z 0 [System] [MY-010232] [Server] XA crash recovery finished.
2022-08-18T12:04:22.609118Z 0 [Warning] [MY-010068] [Server] CA certificate ca.pem is self signed.
2022-08-18T12:04:22.609426Z 0 [System] [MY-013602] [Server] Channel mysql_main configured to support TLS. Encrypted connections are now supported for this channel.
2022-08-18T12:04:22.635412Z 0 [System] [MY-011323] [Server] X Plugin ready for connections. Bind-address: '::' port: 33060
2022-08-18T12:04:22.635481Z 0 [System] [MY-010931] [Server] C:\Program Files\MySQL\MySQL Server 8.0\bin\mysqld.exe: ready for connections. Version: '8.0.29'  socket: ''  port: 3306  MySQL Community Server - GPL.
2022-08-18T12:05:49.134552Z 0 [System] [MY-013105] [Server] C:\Program Files\MySQL\MySQL Server 8.0\bin\mysqld.exe: Normal shutdown.
2022-08-18T12:05:50.311619Z 0 [System] [MY-010910] [Server] C:\Program Files\MySQL\MySQL Server 8.0\bin\mysqld.exe: Shutdown complete (mysqld 8.0.29)  MySQL Community Server - GPL.
2022-08-18T12:06:21.043044Z 0 [Warning] [MY-010915] [Server] 'NO_ZERO_DATE', 'NO_ZERO_IN_DATE' and 'ERROR_FOR_DIVISION_BY_ZERO' sql modes should be used with strict mode. They will be merged with strict mode in a future release.
2022-08-18T12:06:21.044569Z 0 [Warning] [MY-010099] [Server] Insecure configuration for --secure-file-priv: Data directory is accessible through --secure-file-priv. Consider choosing a different directory.
2022-08-18T12:06:21.044753Z 0 [System] [MY-010116] [Server] C:\Program Files\MySQL\MySQL Server 8.0\bin\mysqld.exe (mysqld 8.0.29) starting as process 6476
2022-08-18T12:06:21.067858Z 1 [System] [MY-013576] [InnoDB] InnoDB initialization has started.
2022-08-18T12:06:21.273480Z 1 [System] [MY-013577] [InnoDB] InnoDB initialization has ended.
2022-08-18T12:06:21.500679Z 0 [Warning] [MY-010068] [Server] CA certificate ca.pem is self signed.
2022-08-18T12:06:21.500934Z 0 [System] [MY-013602] [Server] Channel mysql_main configured to support TLS. Encrypted connections are now supported for this channel.
2022-08-18T12:06:21.524104Z 0 [System] [MY-011323] [Server] X Plugin ready for connections. Bind-address: '::' port: 33060
2022-08-18T12:06:21.524211Z 0 [System] [MY-010931] [Server] C:\Program Files\MySQL\MySQL Server 8.0\bin\mysqld.exe: ready for connections. Version: '8.0.29'  socket: ''  port: 3306  MySQL Community Server - GPL.
2022-08-18T15:39:16.642991Z 0 [System] [MY-013105] [Server] C:\Program Files\MySQL\MySQL Server 8.0\bin\mysqld.exe: Normal shutdown.
2022-08-18T15:39:17.471443Z 0 [System] [MY-010910] [Server] C:\Program Files\MySQL\MySQL Server 8.0\bin\mysqld.exe: Shutdown complete (mysqld 8.0.29)  MySQL Community Server - GPL.
2022-08-18T15:39:52.461425Z 0 [Warning] [MY-010915] [Server] 'NO_ZERO_DATE', 'NO_ZERO_IN_DATE' and 'ERROR_FOR_DIVISION_BY_ZERO' sql modes should be used with strict mode. They will be merged with strict mode in a future release.
2022-08-18T15:39:52.463263Z 0 [Warning] [MY-010099] [Server] Insecure configuration for --secure-file-priv: Data directory is accessible through --secure-file-priv. Consider choosing a different directory.
2022-08-18T15:39:52.463512Z 0 [System] [MY-010116] [Server] C:\Program Files\MySQL\MySQL Server 8.0\bin\mysqld.exe (mysqld 8.0.29) starting as process 5784
2022-08-18T15:39:52.502290Z 1 [System] [MY-013576] [InnoDB] InnoDB initialization has started.
2022-08-18T15:39:52.841791Z 1 [System] [MY-013577] [InnoDB] InnoDB initialization has ended.
2022-08-18T15:39:53.074595Z 0 [Warning] [MY-010068] [Server] CA certificate ca.pem is self signed.
2022-08-18T15:39:53.074949Z 0 [System] [MY-013602] [Server] Channel mysql_main configured to support TLS. Encrypted connections are now supported for this channel.
2022-08-18T15:39:53.105100Z 0 [System] [MY-011323] [Server] X Plugin ready for connections. Bind-address: '::' port: 33060
2022-08-18T15:39:53.105196Z 0 [System] [MY-010931] [Server] C:\Program Files\MySQL\MySQL Server 8.0\bin\mysqld.exe: ready for connections. Version: '8.0.29'  socket: ''  port: 3306  MySQL Community Server - GPL.
2022-08-18T19:21:30.781284Z 0 [System] [MY-013105] [Server] C:\Program Files\MySQL\MySQL Server 8.0\bin\mysqld.exe: Normal shutdown.
2022-08-18T19:21:31.728187Z 0 [System] [MY-010910] [Server] C:\Program Files\MySQL\MySQL Server 8.0\bin\mysqld.exe: Shutdown complete (mysqld 8.0.29)  MySQL Community Server - GPL.
2022-08-18T17:50:24.895741Z 0 [Warning] [MY-010915] [Server] 'NO_ZERO_DATE', 'NO_ZERO_IN_DATE' and 'ERROR_FOR_DIVISION_BY_ZERO' sql modes should be used with strict mode. They will be merged with strict mode in a future release.
2022-08-18T17:50:24.897533Z 0 [Warning] [MY-010099] [Server] Insecure configuration for --secure-file-priv: Data directory is accessible through --secure-file-priv. Consider choosing a different directory.
2022-08-18T17:50:24.897753Z 0 [System] [MY-010116] [Server] C:\Program Files\MySQL\MySQL Server 8.0\bin\mysqld.exe (mysqld 8.0.29) starting as process 5548
2022-08-18T17:50:24.928258Z 1 [System] [MY-013576] [InnoDB] InnoDB initialization has started.
2022-08-18T17:50:25.159455Z 1 [System] [MY-013577] [InnoDB] InnoDB initialization has ended.
2022-08-18T17:50:25.380021Z 0 [Warning] [MY-010068] [Server] CA certificate ca.pem is self signed.
2022-08-18T17:50:25.380278Z 0 [System] [MY-013602] [Server] Channel mysql_main configured to support TLS. Encrypted connections are now supported for this channel.
2022-08-18T17:50:25.402613Z 0 [System] [MY-011323] [Server] X Plugin ready for connections. Bind-address: '::' port: 33060
2022-08-18T17:50:25.402687Z 0 [System] [MY-010931] [Server] C:\Program Files\MySQL\MySQL Server 8.0\bin\mysqld.exe: ready for connections. Version: '8.0.29'  socket: ''  port: 3306  MySQL Community Server - GPL.
